[1.446s] Invoking command in '/home/sid/turtlesim_ws/src/turtlesim_py_pkg': PYTHONPATH=/home/sid/turtlesim_ws/build/turtlesim_py_pkg/prefix_override:/home/sid/turtlesim_ws/install/turtlesim_py_pkg/lib/python3.10/site-packages:${PYTHONPATH} /usr/bin/python3 setup.py egg_info --egg-base ../../build/turtlesim_py_pkg build --build-base /home/sid/turtlesim_ws/build/turtlesim_py_pkg/build install --record /home/sid/turtlesim_ws/build/turtlesim_py_pkg/install.log --single-version-externally-managed
[1.683s] running egg_info
[1.689s] creating ../../build/turtlesim_py_pkg/turtlesim_py_pkg.egg-info
[1.691s] writing ../../build/turtlesim_py_pkg/turtlesim_py_pkg.egg-info/PKG-INFO
[1.695s] writing dependency_links to ../../build/turtlesim_py_pkg/turtlesim_py_pkg.egg-info/dependency_links.txt
[1.696s] writing entry points to ../../build/turtlesim_py_pkg/turtlesim_py_pkg.egg-info/entry_points.txt
[1.697s] writing requirements to ../../build/turtlesim_py_pkg/turtlesim_py_pkg.egg-info/requires.txt
[1.697s] writing top-level names to ../../build/turtlesim_py_pkg/turtlesim_py_pkg.egg-info/top_level.txt
[1.701s] writing manifest file '../../build/turtlesim_py_pkg/turtlesim_py_pkg.egg-info/SOURCES.txt'
[1.706s] reading manifest file '../../build/turtlesim_py_pkg/turtlesim_py_pkg.egg-info/SOURCES.txt'
[1.707s] writing manifest file '../../build/turtlesim_py_pkg/turtlesim_py_pkg.egg-info/SOURCES.txt'
[1.708s] running build
[1.708s] running build_py
[1.708s] creating /home/sid/turtlesim_ws/build/turtlesim_py_pkg/build
[1.708s] creating /home/sid/turtlesim_ws/build/turtlesim_py_pkg/build/lib
[1.708s] creating /home/sid/turtlesim_ws/build/turtlesim_py_pkg/build/lib/turtlesim_py_pkg
[1.708s] copying turtlesim_py_pkg/turtle_spawner.py -> /home/sid/turtlesim_ws/build/turtlesim_py_pkg/build/lib/turtlesim_py_pkg
[1.708s] copying turtlesim_py_pkg/turtle_controller.py -> /home/sid/turtlesim_ws/build/turtlesim_py_pkg/build/lib/turtlesim_py_pkg
[1.708s] copying turtlesim_py_pkg/__init__.py -> /home/sid/turtlesim_ws/build/turtlesim_py_pkg/build/lib/turtlesim_py_pkg
[1.709s] running install
[1.709s] running install_lib
[1.710s] creating /home/sid/turtlesim_ws/install/turtlesim_py_pkg/lib/python3.10/site-packages/turtlesim_py_pkg
[1.710s] copying /home/sid/turtlesim_ws/build/turtlesim_py_pkg/build/lib/turtlesim_py_pkg/turtle_spawner.py -> /home/sid/turtlesim_ws/install/turtlesim_py_pkg/lib/python3.10/site-packages/turtlesim_py_pkg
[1.710s] copying /home/sid/turtlesim_ws/build/turtlesim_py_pkg/build/lib/turtlesim_py_pkg/turtle_controller.py -> /home/sid/turtlesim_ws/install/turtlesim_py_pkg/lib/python3.10/site-packages/turtlesim_py_pkg
[1.710s] copying /home/sid/turtlesim_ws/build/turtlesim_py_pkg/build/lib/turtlesim_py_pkg/__init__.py -> /home/sid/turtlesim_ws/install/turtlesim_py_pkg/lib/python3.10/site-packages/turtlesim_py_pkg
[1.712s] byte-compiling /home/sid/turtlesim_ws/install/turtlesim_py_pkg/lib/python3.10/site-packages/turtlesim_py_pkg/turtle_spawner.py to turtle_spawner.cpython-310.pyc
[1.715s] byte-compiling /home/sid/turtlesim_ws/install/turtlesim_py_pkg/lib/python3.10/site-packages/turtlesim_py_pkg/turtle_controller.py to turtle_controller.cpython-310.pyc
[1.715s] byte-compiling /home/sid/turtlesim_ws/install/turtlesim_py_pkg/lib/python3.10/site-packages/turtlesim_py_pkg/__init__.py to __init__.cpython-310.pyc
[1.715s] running install_data
[1.715s] creating /home/sid/turtlesim_ws/install/turtlesim_py_pkg/share/ament_index
[1.715s] creating /home/sid/turtlesim_ws/install/turtlesim_py_pkg/share/ament_index/resource_index
[1.715s] creating /home/sid/turtlesim_ws/install/turtlesim_py_pkg/share/ament_index/resource_index/packages
[1.716s] copying resource/turtlesim_py_pkg -> /home/sid/turtlesim_ws/install/turtlesim_py_pkg/share/ament_index/resource_index/packages
[1.716s] copying package.xml -> /home/sid/turtlesim_ws/install/turtlesim_py_pkg/share/turtlesim_py_pkg
[1.716s] running install_egg_info
[1.719s] Copying ../../build/turtlesim_py_pkg/turtlesim_py_pkg.egg-info to /home/sid/turtlesim_ws/install/turtlesim_py_pkg/lib/python3.10/site-packages/turtlesim_py_pkg-0.0.0-py3.10.egg-info
[1.721s] running install_scripts
[1.750s] Installing turtle_controller script to /home/sid/turtlesim_ws/install/turtlesim_py_pkg/lib/turtlesim_py_pkg
[1.753s] Installing turtle_spawner script to /home/sid/turtlesim_ws/install/turtlesim_py_pkg/lib/turtlesim_py_pkg
[1.753s] writing list of installed files to '/home/sid/turtlesim_ws/build/turtlesim_py_pkg/install.log'
[1.831s] Invoked command in '/home/sid/turtlesim_ws/src/turtlesim_py_pkg' returned '0': PYTHONPATH=/home/sid/turtlesim_ws/build/turtlesim_py_pkg/prefix_override:/home/sid/turtlesim_ws/install/turtlesim_py_pkg/lib/python3.10/site-packages:${PYTHONPATH} /usr/bin/python3 setup.py egg_info --egg-base ../../build/turtlesim_py_pkg build --build-base /home/sid/turtlesim_ws/build/turtlesim_py_pkg/build install --record /home/sid/turtlesim_ws/build/turtlesim_py_pkg/install.log --single-version-externally-managed
