[1.501s] Invoking command in '/home/sid/turtlesim_ws/src/turtlesim_py_pkg': PYTHONPATH=/home/sid/turtlesim_ws/build/turtlesim_py_pkg/prefix_override:/home/sid/turtlesim_ws/install/turtlesim_py_pkg/lib/python3.10/site-packages:${PYTHONPATH} /usr/bin/python3 setup.py egg_info --egg-base ../../build/turtlesim_py_pkg build --build-base /home/sid/turtlesim_ws/build/turtlesim_py_pkg/build install --record /home/sid/turtlesim_ws/build/turtlesim_py_pkg/install.log --single-version-externally-managed
[1.998s] running egg_info
[1.998s] writing ../../build/turtlesim_py_pkg/turtlesim_py_pkg.egg-info/PKG-INFO
[1.999s] writing dependency_links to ../../build/turtlesim_py_pkg/turtlesim_py_pkg.egg-info/dependency_links.txt
[2.006s] writing entry points to ../../build/turtlesim_py_pkg/turtlesim_py_pkg.egg-info/entry_points.txt
[2.006s] writing requirements to ../../build/turtlesim_py_pkg/turtlesim_py_pkg.egg-info/requires.txt
[2.006s] writing top-level names to ../../build/turtlesim_py_pkg/turtlesim_py_pkg.egg-info/top_level.txt
[2.009s] reading manifest file '../../build/turtlesim_py_pkg/turtlesim_py_pkg.egg-info/SOURCES.txt'
[2.011s] writing manifest file '../../build/turtlesim_py_pkg/turtlesim_py_pkg.egg-info/SOURCES.txt'
[2.012s] running build
[2.012s] running build_py
[2.012s] running install
[2.012s] running install_lib
[2.017s] running install_data
[2.019s] running install_egg_info
[2.060s] removing '/home/sid/turtlesim_ws/install/turtlesim_py_pkg/lib/python3.10/site-packages/turtlesim_py_pkg-0.0.0-py3.10.egg-info' (and everything under it)
[2.060s] Copying ../../build/turtlesim_py_pkg/turtlesim_py_pkg.egg-info to /home/sid/turtlesim_ws/install/turtlesim_py_pkg/lib/python3.10/site-packages/turtlesim_py_pkg-0.0.0-py3.10.egg-info
[2.061s] running install_scripts
[2.097s] Installing turtle_controller script to /home/sid/turtlesim_ws/install/turtlesim_py_pkg/lib/turtlesim_py_pkg
[2.107s] Installing turtle_spawner script to /home/sid/turtlesim_ws/install/turtlesim_py_pkg/lib/turtlesim_py_pkg
[2.107s] writing list of installed files to '/home/sid/turtlesim_ws/build/turtlesim_py_pkg/install.log'
[2.206s] Invoked command in '/home/sid/turtlesim_ws/src/turtlesim_py_pkg' returned '0': PYTHONPATH=/home/sid/turtlesim_ws/build/turtlesim_py_pkg/prefix_override:/home/sid/turtlesim_ws/install/turtlesim_py_pkg/lib/python3.10/site-packages:${PYTHONPATH} /usr/bin/python3 setup.py egg_info --egg-base ../../build/turtlesim_py_pkg build --build-base /home/sid/turtlesim_ws/build/turtlesim_py_pkg/build install --record /home/sid/turtlesim_ws/build/turtlesim_py_pkg/install.log --single-version-externally-managed
