[1.423s] DEBUG:colcon:Command line arguments: ['/usr/bin/colcon', 'build', '--packages-select', 'turtlesim_py_pkg', 'turtlesim_bringup', '--allow-overriding', 'turtlesim_py_pkg', '--allow-overriding', 'turtlesim_bringup']
[1.423s] DEBUG:colcon:Parsed command line arguments: Namespace(log_base=None, log_level=None, verb_name='build', build_base='build', install_base='install', merge_install=False, symlink_install=False, test_result_base=None, continue_on_error=False, executor='parallel', parallel_workers=4, event_handlers=None, ignore_user_meta=False, metas=['./colcon.meta'], base_paths=['.'], packages_ignore=None, packages_ignore_regex=None, paths=None, packages_up_to=None, packages_up_to_regex=None, packages_above=None, packages_above_and_dependencies=None, packages_above_depth=None, packages_select_by_dep=None, packages_skip_by_dep=None, packages_skip_up_to=None, packages_select_build_failed=False, packages_skip_build_finished=False, packages_select_test_failures=False, packages_skip_test_passed=False, packages_select=['turtlesim_py_pkg', 'turtlesim_bringup'], packages_skip=None, packages_select_regex=None, packages_skip_regex=None, packages_start=None, packages_end=None, allow_overriding=['turtlesim_py_pkg', 'turtlesim_bringup'], cmake_args=None, cmake_target=None, cmake_target_skip_unavailable=False, cmake_clean_cache=False, cmake_clean_first=False, cmake_force_configure=False, ament_cmake_args=None, catkin_cmake_args=None, catkin_skip_building_tests=False, verb_parser=<colcon_defaults.argument_parser.defaults.DefaultArgumentsDecorator object at 0x7dac6e8a77f0>, verb_extension=<colcon_core.verb.build.BuildVerb object at 0x7dac6eccefe0>, main=<bound method BuildVerb.main of <colcon_core.verb.build.BuildVerb object at 0x7dac6eccefe0>>)
[1.589s] Level 1:colcon.colcon_core.package_discovery:discover_packages(colcon_meta) check parameters
[1.589s] Level 1:colcon.colcon_core.package_discovery:discover_packages(recursive) check parameters
[1.589s] Level 1:colcon.colcon_core.package_discovery:discover_packages(ignore) check parameters
[1.589s] Level 1:colcon.colcon_core.package_discovery:discover_packages(path) check parameters
[1.589s] Level 1:colcon.colcon_core.package_discovery:discover_packages(colcon_meta) discover
[1.590s] Level 1:colcon.colcon_core.package_discovery:discover_packages(recursive) discover
[1.590s] INFO:colcon.colcon_core.package_discovery:Crawling recursively for packages in '/home/sid/turtlesim_ws'
[1.590s] Level 1:colcon.colcon_core.package_identification:_identify(.) by extensions ['ignore', 'ignore_ament_install']
[1.590s] Level 1:colcon.colcon_core.package_identification:_identify(.) by extension 'ignore'
[1.590s] Level 1:colcon.colcon_core.package_identification:_identify(.) by extension 'ignore_ament_install'
[1.590s] Level 1:colcon.colcon_core.package_identification:_identify(.) by extensions ['colcon_pkg']
[1.590s] Level 1:colcon.colcon_core.package_identification:_identify(.) by extension 'colcon_pkg'
[1.590s] Level 1:colcon.colcon_core.package_identification:_identify(.) by extensions ['colcon_meta']
[1.590s] Level 1:colcon.colcon_core.package_identification:_identify(.) by extension 'colcon_meta'
[1.590s] Level 1:colcon.colcon_core.package_identification:_identify(.) by extensions ['ros']
[1.590s] Level 1:colcon.colcon_core.package_identification:_identify(.) by extension 'ros'
[1.617s] Level 1:colcon.colcon_core.package_identification:_identify(.) by extensions ['cmake', 'python']
[1.617s] Level 1:colcon.colcon_core.package_identification:_identify(.) by extension 'cmake'
[1.618s] Level 1:colcon.colcon_core.package_identification:_identify(.) by extension 'python'
[1.618s] Level 1:colcon.colcon_core.package_identification:_identify(.) by extensions ['python_setup_py']
[1.618s] Level 1:colcon.colcon_core.package_identification:_identify(.) by extension 'python_setup_py'
[1.618s] Level 1:colcon.colcon_core.package_identification:_identify(build) by extensions ['ignore', 'ignore_ament_install']
[1.618s] Level 1:colcon.colcon_core.package_identification:_identify(build) by extension 'ignore'
[1.618s] Level 1:colcon.colcon_core.package_identification:_identify(build) ignored
[1.618s] Level 1:colcon.colcon_core.package_identification:_identify(install) by extensions ['ignore', 'ignore_ament_install']
[1.618s] Level 1:colcon.colcon_core.package_identification:_identify(install) by extension 'ignore'
[1.618s] Level 1:colcon.colcon_core.package_identification:_identify(install) ignored
[1.618s] Level 1:colcon.colcon_core.package_identification:_identify(log) by extensions ['ignore', 'ignore_ament_install']
[1.618s] Level 1:colcon.colcon_core.package_identification:_identify(log) by extension 'ignore'
[1.618s] Level 1:colcon.colcon_core.package_identification:_identify(log) ignored
[1.618s] Level 1:colcon.colcon_core.package_identification:_identify(src) by extensions ['ignore', 'ignore_ament_install']
[1.618s] Level 1:colcon.colcon_core.package_identification:_identify(src) by extension 'ignore'
[1.619s] Level 1:colcon.colcon_core.package_identification:_identify(src) by extension 'ignore_ament_install'
[1.619s] Level 1:colcon.colcon_core.package_identification:_identify(src) by extensions ['colcon_pkg']
[1.619s] Level 1:colcon.colcon_core.package_identification:_identify(src) by extension 'colcon_pkg'
[1.619s] Level 1:colcon.colcon_core.package_identification:_identify(src) by extensions ['colcon_meta']
[1.619s] Level 1:colcon.colcon_core.package_identification:_identify(src) by extension 'colcon_meta'
[1.619s] Level 1:colcon.colcon_core.package_identification:_identify(src) by extensions ['ros']
[1.619s] Level 1:colcon.colcon_core.package_identification:_identify(src) by extension 'ros'
[1.619s] Level 1:colcon.colcon_core.package_identification:_identify(src) by extensions ['cmake', 'python']
[1.619s] Level 1:colcon.colcon_core.package_identification:_identify(src) by extension 'cmake'
[1.619s] Level 1:colcon.colcon_core.package_identification:_identify(src) by extension 'python'
[1.619s] Level 1:colcon.colcon_core.package_identification:_identify(src) by extensions ['python_setup_py']
[1.619s] Level 1:colcon.colcon_core.package_identification:_identify(src) by extension 'python_setup_py'
[1.619s] Level 1:colcon.colcon_core.package_identification:_identify(src/turtlesim_bringup) by extensions ['ignore', 'ignore_ament_install']
[1.619s] Level 1:colcon.colcon_core.package_identification:_identify(src/turtlesim_bringup) by extension 'ignore'
[1.621s] Level 1:colcon.colcon_core.package_identification:_identify(src/turtlesim_bringup) by extension 'ignore_ament_install'
[1.621s] Level 1:colcon.colcon_core.package_identification:_identify(src/turtlesim_bringup) by extensions ['colcon_pkg']
[1.621s] Level 1:colcon.colcon_core.package_identification:_identify(src/turtlesim_bringup) by extension 'colcon_pkg'
[1.621s] Level 1:colcon.colcon_core.package_identification:_identify(src/turtlesim_bringup) by extensions ['colcon_meta']
[1.621s] Level 1:colcon.colcon_core.package_identification:_identify(src/turtlesim_bringup) by extension 'colcon_meta'
[1.621s] Level 1:colcon.colcon_core.package_identification:_identify(src/turtlesim_bringup) by extensions ['ros']
[1.621s] Level 1:colcon.colcon_core.package_identification:_identify(src/turtlesim_bringup) by extension 'ros'
[1.632s] DEBUG:colcon.colcon_core.package_identification:Package 'src/turtlesim_bringup' with type 'ros.ament_cmake' and name 'turtlesim_bringup'
[1.633s] Level 1:colcon.colcon_core.package_identification:_identify(src/turtlesim_py_pkg) by extensions ['ignore', 'ignore_ament_install']
[1.633s] Level 1:colcon.colcon_core.package_identification:_identify(src/turtlesim_py_pkg) by extension 'ignore'
[1.633s] Level 1:colcon.colcon_core.package_identification:_identify(src/turtlesim_py_pkg) by extension 'ignore_ament_install'
[1.633s] Level 1:colcon.colcon_core.package_identification:_identify(src/turtlesim_py_pkg) by extensions ['colcon_pkg']
[1.633s] Level 1:colcon.colcon_core.package_identification:_identify(src/turtlesim_py_pkg) by extension 'colcon_pkg'
[1.633s] Level 1:colcon.colcon_core.package_identification:_identify(src/turtlesim_py_pkg) by extensions ['colcon_meta']
[1.633s] Level 1:colcon.colcon_core.package_identification:_identify(src/turtlesim_py_pkg) by extension 'colcon_meta'
[1.633s] Level 1:colcon.colcon_core.package_identification:_identify(src/turtlesim_py_pkg) by extensions ['ros']
[1.633s] Level 1:colcon.colcon_core.package_identification:_identify(src/turtlesim_py_pkg) by extension 'ros'
[1.634s] DEBUG:colcon.colcon_core.package_identification:Package 'src/turtlesim_py_pkg' with type 'ros.ament_python' and name 'turtlesim_py_pkg'
[1.634s] Level 1:colcon.colcon_core.package_discovery:discover_packages(recursive) using defaults
[1.634s] Level 1:colcon.colcon_core.package_discovery:discover_packages(ignore) discover
[1.634s] Level 1:colcon.colcon_core.package_discovery:discover_packages(ignore) using defaults
[1.634s] Level 1:colcon.colcon_core.package_discovery:discover_packages(path) discover
[1.634s] Level 1:colcon.colcon_core.package_discovery:discover_packages(path) using defaults
[1.755s] Level 1:colcon.colcon_core.package_discovery:discover_packages(prefix_path) check parameters
[1.756s] Level 1:colcon.colcon_core.package_discovery:discover_packages(prefix_path) discover
[1.811s] DEBUG:colcon.colcon_installed_package_information.package_discovery:Found 2 installed packages in /home/sid/turtlesim_ws/install
[1.826s] DEBUG:colcon.colcon_installed_package_information.package_discovery:Found 4 installed packages in /home/sid/ros2_ws/install
[1.842s] DEBUG:colcon.colcon_installed_package_information.package_discovery:Found 270 installed packages in /opt/ros/humble
[1.844s] Level 1:colcon.colcon_core.package_discovery:discover_packages(prefix_path) using defaults
[1.957s] Level 5:colcon.colcon_core.verb:set package 'turtlesim_py_pkg' build argument 'cmake_args' from command line to 'None'
[1.957s] Level 5:colcon.colcon_core.verb:set package 'turtlesim_py_pkg' build argument 'cmake_target' from command line to 'None'
[1.957s] Level 5:colcon.colcon_core.verb:set package 'turtlesim_py_pkg' build argument 'cmake_target_skip_unavailable' from command line to 'False'
[1.957s] Level 5:colcon.colcon_core.verb:set package 'turtlesim_py_pkg' build argument 'cmake_clean_cache' from command line to 'False'
[1.957s] Level 5:colcon.colcon_core.verb:set package 'turtlesim_py_pkg' build argument 'cmake_clean_first' from command line to 'False'
[1.957s] Level 5:colcon.colcon_core.verb:set package 'turtlesim_py_pkg' build argument 'cmake_force_configure' from command line to 'False'
[1.958s] Level 5:colcon.colcon_core.verb:set package 'turtlesim_py_pkg' build argument 'ament_cmake_args' from command line to 'None'
[1.958s] Level 5:colcon.colcon_core.verb:set package 'turtlesim_py_pkg' build argument 'catkin_cmake_args' from command line to 'None'
[1.958s] Level 5:colcon.colcon_core.verb:set package 'turtlesim_py_pkg' build argument 'catkin_skip_building_tests' from command line to 'False'
[1.958s] DEBUG:colcon.colcon_core.verb:Building package 'turtlesim_py_pkg' with the following arguments: {'ament_cmake_args': None, 'build_base': '/home/sid/turtlesim_ws/build/turtlesim_py_pkg', 'catkin_cmake_args': None, 'catkin_skip_building_tests': False, 'cmake_args': None, 'cmake_clean_cache': False, 'cmake_clean_first': False, 'cmake_force_configure': False, 'cmake_target': None, 'cmake_target_skip_unavailable': False, 'install_base': '/home/sid/turtlesim_ws/install/turtlesim_py_pkg', 'merge_install': False, 'path': '/home/sid/turtlesim_ws/src/turtlesim_py_pkg', 'symlink_install': False, 'test_result_base': None}
[1.971s] Level 5:colcon.colcon_core.verb:set package 'turtlesim_bringup' build argument 'cmake_args' from command line to 'None'
[1.971s] Level 5:colcon.colcon_core.verb:set package 'turtlesim_bringup' build argument 'cmake_target' from command line to 'None'
[1.971s] Level 5:colcon.colcon_core.verb:set package 'turtlesim_bringup' build argument 'cmake_target_skip_unavailable' from command line to 'False'
[1.971s] Level 5:colcon.colcon_core.verb:set package 'turtlesim_bringup' build argument 'cmake_clean_cache' from command line to 'False'
[1.971s] Level 5:colcon.colcon_core.verb:set package 'turtlesim_bringup' build argument 'cmake_clean_first' from command line to 'False'
[1.971s] Level 5:colcon.colcon_core.verb:set package 'turtlesim_bringup' build argument 'cmake_force_configure' from command line to 'False'
[1.971s] Level 5:colcon.colcon_core.verb:set package 'turtlesim_bringup' build argument 'ament_cmake_args' from command line to 'None'
[1.971s] Level 5:colcon.colcon_core.verb:set package 'turtlesim_bringup' build argument 'catkin_cmake_args' from command line to 'None'
[1.971s] Level 5:colcon.colcon_core.verb:set package 'turtlesim_bringup' build argument 'catkin_skip_building_tests' from command line to 'False'
[1.972s] DEBUG:colcon.colcon_core.verb:Building package 'turtlesim_bringup' with the following arguments: {'ament_cmake_args': None, 'build_base': '/home/sid/turtlesim_ws/build/turtlesim_bringup', 'catkin_cmake_args': None, 'catkin_skip_building_tests': False, 'cmake_args': None, 'cmake_clean_cache': False, 'cmake_clean_first': False, 'cmake_force_configure': False, 'cmake_target': None, 'cmake_target_skip_unavailable': False, 'install_base': '/home/sid/turtlesim_ws/install/turtlesim_bringup', 'merge_install': False, 'path': '/home/sid/turtlesim_ws/src/turtlesim_bringup', 'symlink_install': False, 'test_result_base': None}
[1.986s] INFO:colcon.colcon_core.executor:Executing jobs using 'parallel' executor
[2.000s] DEBUG:colcon.colcon_parallel_executor.executor.parallel:run_until_complete
[2.001s] INFO:colcon.colcon_ros.task.ament_python.build:Building ROS package in '/home/sid/turtlesim_ws/src/turtlesim_py_pkg' with build type 'ament_python'
[2.002s] Level 1:colcon.colcon_core.shell:create_environment_hook('turtlesim_py_pkg', 'ament_prefix_path')
[2.050s] INFO:colcon.colcon_core.plugin_system:Skipping extension 'colcon_core.shell.bat': Not used on non-Windows systems
[2.051s] INFO:colcon.colcon_core.shell:Creating environment hook '/home/sid/turtlesim_ws/install/turtlesim_py_pkg/share/turtlesim_py_pkg/hook/ament_prefix_path.ps1'
[2.062s] INFO:colcon.colcon_core.shell:Creating environment descriptor '/home/sid/turtlesim_ws/install/turtlesim_py_pkg/share/turtlesim_py_pkg/hook/ament_prefix_path.dsv'
[2.067s] INFO:colcon.colcon_core.shell:Creating environment hook '/home/sid/turtlesim_ws/install/turtlesim_py_pkg/share/turtlesim_py_pkg/hook/ament_prefix_path.sh'
[2.091s] INFO:colcon.colcon_core.shell:Skip shell extension 'powershell' for command environment: Not usable outside of PowerShell
[2.091s] DEBUG:colcon.colcon_core.shell:Skip shell extension 'dsv' for command environment
[2.807s] INFO:colcon.colcon_core.task.python.build:Building Python package in '/home/sid/turtlesim_ws/src/turtlesim_py_pkg'
[2.881s] INFO:colcon.colcon_core.shell:Skip shell extension 'powershell' for command environment: Not usable outside of PowerShell
[2.881s] DEBUG:colcon.colcon_core.shell:Skip shell extension 'dsv' for command environment
[4.391s] DEBUG:colcon.colcon_core.event_handler.log_command:Invoking command in '/home/sid/turtlesim_ws/src/turtlesim_py_pkg': PYTHONPATH=/home/sid/turtlesim_ws/build/turtlesim_py_pkg/prefix_override:/home/sid/turtlesim_ws/install/turtlesim_py_pkg/lib/python3.10/site-packages:${PYTHONPATH} /usr/bin/python3 setup.py egg_info --egg-base ../../build/turtlesim_py_pkg build --build-base /home/sid/turtlesim_ws/build/turtlesim_py_pkg/build install --record /home/sid/turtlesim_ws/build/turtlesim_py_pkg/install.log --single-version-externally-managed
[5.058s] DEBUG:colcon.colcon_core.event_handler.log_command:Invoked command in '/home/sid/turtlesim_ws/src/turtlesim_py_pkg' returned '0': PYTHONPATH=/home/sid/turtlesim_ws/build/turtlesim_py_pkg/prefix_override:/home/sid/turtlesim_ws/install/turtlesim_py_pkg/lib/python3.10/site-packages:${PYTHONPATH} /usr/bin/python3 setup.py egg_info --egg-base ../../build/turtlesim_py_pkg build --build-base /home/sid/turtlesim_ws/build/turtlesim_py_pkg/build install --record /home/sid/turtlesim_ws/build/turtlesim_py_pkg/install.log --single-version-externally-managed
[5.106s] Level 1:colcon.colcon_core.environment:checking '/home/sid/turtlesim_ws/install/turtlesim_py_pkg' for CMake module files
[5.108s] Level 1:colcon.colcon_core.environment:checking '/home/sid/turtlesim_ws/install/turtlesim_py_pkg' for CMake config files
[5.109s] Level 1:colcon.colcon_core.environment:checking '/home/sid/turtlesim_ws/install/turtlesim_py_pkg/lib'
[5.109s] Level 1:colcon.colcon_core.environment:checking '/home/sid/turtlesim_ws/install/turtlesim_py_pkg/bin'
[5.110s] Level 1:colcon.colcon_core.environment:checking '/home/sid/turtlesim_ws/install/turtlesim_py_pkg/lib/pkgconfig/turtlesim_py_pkg.pc'
[5.110s] Level 1:colcon.colcon_core.environment:checking '/home/sid/turtlesim_ws/install/turtlesim_py_pkg/lib/python3.10/site-packages'
[5.111s] Level 1:colcon.colcon_core.shell:create_environment_hook('turtlesim_py_pkg', 'pythonpath')
[5.127s] INFO:colcon.colcon_core.shell:Creating environment hook '/home/sid/turtlesim_ws/install/turtlesim_py_pkg/share/turtlesim_py_pkg/hook/pythonpath.ps1'
[5.129s] INFO:colcon.colcon_core.shell:Creating environment descriptor '/home/sid/turtlesim_ws/install/turtlesim_py_pkg/share/turtlesim_py_pkg/hook/pythonpath.dsv'
[5.131s] INFO:colcon.colcon_core.shell:Creating environment hook '/home/sid/turtlesim_ws/install/turtlesim_py_pkg/share/turtlesim_py_pkg/hook/pythonpath.sh'
[5.132s] Level 1:colcon.colcon_core.environment:checking '/home/sid/turtlesim_ws/install/turtlesim_py_pkg/bin'
[5.133s] Level 1:colcon.colcon_core.environment:create_environment_scripts_only(turtlesim_py_pkg)
[5.147s] INFO:colcon.colcon_core.shell:Creating package script '/home/sid/turtlesim_ws/install/turtlesim_py_pkg/share/turtlesim_py_pkg/package.ps1'
[5.152s] INFO:colcon.colcon_core.shell:Creating package descriptor '/home/sid/turtlesim_ws/install/turtlesim_py_pkg/share/turtlesim_py_pkg/package.dsv'
[5.193s] INFO:colcon.colcon_core.shell:Creating package script '/home/sid/turtlesim_ws/install/turtlesim_py_pkg/share/turtlesim_py_pkg/package.sh'
[5.224s] INFO:colcon.colcon_core.shell:Creating package script '/home/sid/turtlesim_ws/install/turtlesim_py_pkg/share/turtlesim_py_pkg/package.bash'
[5.230s] INFO:colcon.colcon_core.shell:Creating package script '/home/sid/turtlesim_ws/install/turtlesim_py_pkg/share/turtlesim_py_pkg/package.zsh'
[5.233s] Level 1:colcon.colcon_core.environment:create_file_with_runtime_dependencies(/home/sid/turtlesim_ws/install/turtlesim_py_pkg/share/colcon-core/packages/turtlesim_py_pkg)
[5.237s] INFO:colcon.colcon_ros.task.ament_cmake.build:Building ROS package in '/home/sid/turtlesim_ws/src/turtlesim_bringup' with build type 'ament_cmake'
[5.237s] INFO:colcon.colcon_cmake.task.cmake.build:Building CMake package in '/home/sid/turtlesim_ws/src/turtlesim_bringup'
[5.268s] INFO:colcon.colcon_core.shell:Skip shell extension 'powershell' for command environment: Not usable outside of PowerShell
[5.269s] DEBUG:colcon.colcon_core.shell:Skip shell extension 'dsv' for command environment
[5.475s] DEBUG:colcon.colcon_core.event_handler.log_command:Invoking command in '/home/sid/turtlesim_ws/build/turtlesim_bringup': AMENT_PREFIX_PATH=/home/sid/turtlesim_ws/install/turtlesim_py_pkg:/home/sid/turtlesim_ws/install/turtlesim_bringup:/home/sid/ros2_ws/install/my_robot_bringup:/home/sid/ros2_ws/install/my_py_pkg:/home/sid/ros2_ws/install/my_cpp_pkg:/home/sid/ros2_ws/install/my_robot_interfaces:/opt/ros/humble CMAKE_PREFIX_PATH=${CMAKE_PREFIX_PATH}:/home/sid/turtlesim_ws/install/turtlesim_py_pkg:/home/sid/ros2_ws/install/my_py_pkg:/opt/ros/humble /usr/bin/cmake --build /home/sid/turtlesim_ws/build/turtlesim_bringup -- -j4 -l4
[5.821s] DEBUG:colcon.colcon_core.event_handler.log_command:Invoked command in '/home/sid/turtlesim_ws/build/turtlesim_bringup' returned '0': AMENT_PREFIX_PATH=/home/sid/turtlesim_ws/install/turtlesim_py_pkg:/home/sid/turtlesim_ws/install/turtlesim_bringup:/home/sid/ros2_ws/install/my_robot_bringup:/home/sid/ros2_ws/install/my_py_pkg:/home/sid/ros2_ws/install/my_cpp_pkg:/home/sid/ros2_ws/install/my_robot_interfaces:/opt/ros/humble CMAKE_PREFIX_PATH=${CMAKE_PREFIX_PATH}:/home/sid/turtlesim_ws/install/turtlesim_py_pkg:/home/sid/ros2_ws/install/my_py_pkg:/opt/ros/humble /usr/bin/cmake --build /home/sid/turtlesim_ws/build/turtlesim_bringup -- -j4 -l4
[6.040s] DEBUG:colcon.colcon_core.event_handler.log_command:Invoking command in '/home/sid/turtlesim_ws/build/turtlesim_bringup': AMENT_PREFIX_PATH=/home/sid/turtlesim_ws/install/turtlesim_py_pkg:/home/sid/turtlesim_ws/install/turtlesim_bringup:/home/sid/ros2_ws/install/my_robot_bringup:/home/sid/ros2_ws/install/my_py_pkg:/home/sid/ros2_ws/install/my_cpp_pkg:/home/sid/ros2_ws/install/my_robot_interfaces:/opt/ros/humble CMAKE_PREFIX_PATH=${CMAKE_PREFIX_PATH}:/home/sid/turtlesim_ws/install/turtlesim_py_pkg:/home/sid/ros2_ws/install/my_py_pkg:/opt/ros/humble /usr/bin/cmake --install /home/sid/turtlesim_ws/build/turtlesim_bringup
[6.094s] Level 1:colcon.colcon_core.environment:create_environment_scripts_only(turtlesim_bringup)
[6.108s] Level 1:colcon.colcon_core.environment:checking '/home/sid/turtlesim_ws/install/turtlesim_bringup' for CMake module files
[6.109s] DEBUG:colcon.colcon_core.event_handler.log_command:Invoked command in '/home/sid/turtlesim_ws/build/turtlesim_bringup' returned '0': AMENT_PREFIX_PATH=/home/sid/turtlesim_ws/install/turtlesim_py_pkg:/home/sid/turtlesim_ws/install/turtlesim_bringup:/home/sid/ros2_ws/install/my_robot_bringup:/home/sid/ros2_ws/install/my_py_pkg:/home/sid/ros2_ws/install/my_cpp_pkg:/home/sid/ros2_ws/install/my_robot_interfaces:/opt/ros/humble CMAKE_PREFIX_PATH=${CMAKE_PREFIX_PATH}:/home/sid/turtlesim_ws/install/turtlesim_py_pkg:/home/sid/ros2_ws/install/my_py_pkg:/opt/ros/humble /usr/bin/cmake --install /home/sid/turtlesim_ws/build/turtlesim_bringup
[6.109s] Level 1:colcon.colcon_core.environment:checking '/home/sid/turtlesim_ws/install/turtlesim_bringup' for CMake config files
[6.110s] Level 1:colcon.colcon_core.shell:create_environment_hook('turtlesim_bringup', 'cmake_prefix_path')
[6.140s] INFO:colcon.colcon_core.shell:Creating environment hook '/home/sid/turtlesim_ws/install/turtlesim_bringup/share/turtlesim_bringup/hook/cmake_prefix_path.ps1'
[6.152s] INFO:colcon.colcon_core.shell:Creating environment descriptor '/home/sid/turtlesim_ws/install/turtlesim_bringup/share/turtlesim_bringup/hook/cmake_prefix_path.dsv'
[6.163s] INFO:colcon.colcon_core.shell:Creating environment hook '/home/sid/turtlesim_ws/install/turtlesim_bringup/share/turtlesim_bringup/hook/cmake_prefix_path.sh'
[6.180s] Level 1:colcon.colcon_core.environment:checking '/home/sid/turtlesim_ws/install/turtlesim_bringup/bin'
[6.180s] Level 1:colcon.colcon_core.environment:checking '/home/sid/turtlesim_ws/install/turtlesim_bringup/lib/pkgconfig/turtlesim_bringup.pc'
[6.180s] Level 1:colcon.colcon_core.environment:checking '/home/sid/turtlesim_ws/install/turtlesim_bringup/lib/python3.10/site-packages'
[6.183s] Level 1:colcon.colcon_core.environment:checking '/home/sid/turtlesim_ws/install/turtlesim_bringup/bin'
[6.213s] INFO:colcon.colcon_core.shell:Creating package script '/home/sid/turtlesim_ws/install/turtlesim_bringup/share/turtlesim_bringup/package.ps1'
[6.214s] INFO:colcon.colcon_core.shell:Creating package descriptor '/home/sid/turtlesim_ws/install/turtlesim_bringup/share/turtlesim_bringup/package.dsv'
[6.215s] INFO:colcon.colcon_core.shell:Creating package script '/home/sid/turtlesim_ws/install/turtlesim_bringup/share/turtlesim_bringup/package.sh'
[6.219s] INFO:colcon.colcon_core.shell:Creating package script '/home/sid/turtlesim_ws/install/turtlesim_bringup/share/turtlesim_bringup/package.bash'
[6.220s] INFO:colcon.colcon_core.shell:Creating package script '/home/sid/turtlesim_ws/install/turtlesim_bringup/share/turtlesim_bringup/package.zsh'
[6.220s] Level 1:colcon.colcon_core.environment:create_file_with_runtime_dependencies(/home/sid/turtlesim_ws/install/turtlesim_bringup/share/colcon-core/packages/turtlesim_bringup)
[6.477s] Level 1:colcon.colcon_core.environment:create_environment_scripts_only(turtlesim_bringup)
[6.491s] Level 1:colcon.colcon_core.environment:checking '/home/sid/turtlesim_ws/install/turtlesim_bringup' for CMake module files
[6.491s] Level 1:colcon.colcon_core.environment:checking '/home/sid/turtlesim_ws/install/turtlesim_bringup' for CMake config files
[6.492s] Level 1:colcon.colcon_core.shell:create_environment_hook('turtlesim_bringup', 'cmake_prefix_path')
[6.505s] INFO:colcon.colcon_core.shell:Creating environment hook '/home/sid/turtlesim_ws/install/turtlesim_bringup/share/turtlesim_bringup/hook/cmake_prefix_path.ps1'
[6.506s] INFO:colcon.colcon_core.shell:Creating environment descriptor '/home/sid/turtlesim_ws/install/turtlesim_bringup/share/turtlesim_bringup/hook/cmake_prefix_path.dsv'
[6.506s] INFO:colcon.colcon_core.shell:Creating environment hook '/home/sid/turtlesim_ws/install/turtlesim_bringup/share/turtlesim_bringup/hook/cmake_prefix_path.sh'
[6.507s] Level 1:colcon.colcon_core.environment:checking '/home/sid/turtlesim_ws/install/turtlesim_bringup/bin'
[6.507s] Level 1:colcon.colcon_core.environment:checking '/home/sid/turtlesim_ws/install/turtlesim_bringup/lib/pkgconfig/turtlesim_bringup.pc'
[6.508s] Level 1:colcon.colcon_core.environment:checking '/home/sid/turtlesim_ws/install/turtlesim_bringup/lib/python3.10/site-packages'
[6.508s] Level 1:colcon.colcon_core.environment:checking '/home/sid/turtlesim_ws/install/turtlesim_bringup/bin'
[6.522s] INFO:colcon.colcon_core.shell:Creating package script '/home/sid/turtlesim_ws/install/turtlesim_bringup/share/turtlesim_bringup/package.ps1'
[6.523s] INFO:colcon.colcon_core.shell:Creating package descriptor '/home/sid/turtlesim_ws/install/turtlesim_bringup/share/turtlesim_bringup/package.dsv'
[6.524s] INFO:colcon.colcon_core.shell:Creating package script '/home/sid/turtlesim_ws/install/turtlesim_bringup/share/turtlesim_bringup/package.sh'
[6.525s] INFO:colcon.colcon_core.shell:Creating package script '/home/sid/turtlesim_ws/install/turtlesim_bringup/share/turtlesim_bringup/package.bash'
[6.526s] INFO:colcon.colcon_core.shell:Creating package script '/home/sid/turtlesim_ws/install/turtlesim_bringup/share/turtlesim_bringup/package.zsh'
[6.527s] Level 1:colcon.colcon_core.environment:create_file_with_runtime_dependencies(/home/sid/turtlesim_ws/install/turtlesim_bringup/share/colcon-core/packages/turtlesim_bringup)
[6.529s] DEBUG:colcon.colcon_parallel_executor.executor.parallel:closing loop
[6.530s] DEBUG:colcon.colcon_parallel_executor.executor.parallel:loop closed
[6.530s] DEBUG:colcon.colcon_parallel_executor.executor.parallel:run_until_complete finished with '0'
[6.530s] DEBUG:colcon.colcon_core.event_reactor:joining thread
[6.601s] INFO:colcon.colcon_core.plugin_system:Skipping extension 'colcon_notification.desktop_notification.terminal_notifier': Not used on non-Darwin systems
[6.601s] INFO:colcon.colcon_core.plugin_system:Skipping extension 'colcon_notification.desktop_notification.win32': Not used on non-Windows systems
[6.601s] INFO:colcon.colcon_notification.desktop_notification:Sending desktop notification using 'notify2'
[6.689s] DEBUG:colcon.colcon_core.event_reactor:joined thread
[6.707s] INFO:colcon.colcon_core.shell:Creating prefix script '/home/sid/turtlesim_ws/install/local_setup.ps1'
[6.728s] INFO:colcon.colcon_core.shell:Creating prefix util module '/home/sid/turtlesim_ws/install/_local_setup_util_ps1.py'
[6.732s] INFO:colcon.colcon_core.shell:Creating prefix chain script '/home/sid/turtlesim_ws/install/setup.ps1'
[6.802s] INFO:colcon.colcon_core.shell:Creating prefix script '/home/sid/turtlesim_ws/install/local_setup.sh'
[6.819s] INFO:colcon.colcon_core.shell:Creating prefix util module '/home/sid/turtlesim_ws/install/_local_setup_util_sh.py'
[6.824s] INFO:colcon.colcon_core.shell:Creating prefix chain script '/home/sid/turtlesim_ws/install/setup.sh'
[6.847s] INFO:colcon.colcon_core.shell:Creating prefix script '/home/sid/turtlesim_ws/install/local_setup.bash'
[6.851s] INFO:colcon.colcon_core.shell:Creating prefix chain script '/home/sid/turtlesim_ws/install/setup.bash'
[6.870s] INFO:colcon.colcon_core.shell:Creating prefix script '/home/sid/turtlesim_ws/install/local_setup.zsh'
[6.873s] INFO:colcon.colcon_core.shell:Creating prefix chain script '/home/sid/turtlesim_ws/install/setup.zsh'
