[1.100s] DEBUG:colcon:Command line arguments: ['/usr/bin/colcon', 'build']
[1.100s] DEBUG:colcon:Parsed command line arguments: Namespace(log_base=None, log_level=None, verb_name='build', build_base='build', install_base='install', merge_install=False, symlink_install=False, test_result_base=None, continue_on_error=False, executor='parallel', parallel_workers=4, event_handlers=None, ignore_user_meta=False, metas=['./colcon.meta'], base_paths=['.'], packages_ignore=None, packages_ignore_regex=None, paths=None, packages_up_to=None, packages_up_to_regex=None, packages_above=None, packages_above_and_dependencies=None, packages_above_depth=None, packages_select_by_dep=None, packages_skip_by_dep=None, packages_skip_up_to=None, packages_select_build_failed=False, packages_skip_build_finished=False, packages_select_test_failures=False, packages_skip_test_passed=False, packages_select=None, packages_skip=None, packages_select_regex=None, packages_skip_regex=None, packages_start=None, packages_end=None, allow_overriding=[], cmake_args=None, cmake_target=None, cmake_target_skip_unavailable=False, cmake_clean_cache=False, cmake_clean_first=False, cmake_force_configure=False, ament_cmake_args=None, catkin_cmake_args=None, catkin_skip_building_tests=False, verb_parser=<colcon_defaults.argument_parser.defaults.DefaultArgumentsDecorator object at 0x7fd1637e65c0>, verb_extension=<colcon_core.verb.build.BuildVerb object at 0x7fd163c378b0>, main=<bound method BuildVerb.main of <colcon_core.verb.build.BuildVerb object at 0x7fd163c378b0>>)
[1.153s] Level 1:colcon.colcon_core.package_discovery:discover_packages(colcon_meta) check parameters
[1.153s] Level 1:colcon.colcon_core.package_discovery:discover_packages(recursive) check parameters
[1.153s] Level 1:colcon.colcon_core.package_discovery:discover_packages(ignore) check parameters
[1.153s] Level 1:colcon.colcon_core.package_discovery:discover_packages(path) check parameters
[1.153s] Level 1:colcon.colcon_core.package_discovery:discover_packages(colcon_meta) discover
[1.153s] Level 1:colcon.colcon_core.package_discovery:discover_packages(recursive) discover
[1.153s] INFO:colcon.colcon_core.package_discovery:Crawling recursively for packages in '/home/sid/turtlesim_ws'
[1.154s] Level 1:colcon.colcon_core.package_identification:_identify(.) by extensions ['ignore', 'ignore_ament_install']
[1.154s] Level 1:colcon.colcon_core.package_identification:_identify(.) by extension 'ignore'
[1.154s] Level 1:colcon.colcon_core.package_identification:_identify(.) by extension 'ignore_ament_install'
[1.154s] Level 1:colcon.colcon_core.package_identification:_identify(.) by extensions ['colcon_pkg']
[1.154s] Level 1:colcon.colcon_core.package_identification:_identify(.) by extension 'colcon_pkg'
[1.155s] Level 1:colcon.colcon_core.package_identification:_identify(.) by extensions ['colcon_meta']
[1.155s] Level 1:colcon.colcon_core.package_identification:_identify(.) by extension 'colcon_meta'
[1.155s] Level 1:colcon.colcon_core.package_identification:_identify(.) by extensions ['ros']
[1.155s] Level 1:colcon.colcon_core.package_identification:_identify(.) by extension 'ros'
[1.168s] Level 1:colcon.colcon_core.package_identification:_identify(.) by extensions ['cmake', 'python']
[1.168s] Level 1:colcon.colcon_core.package_identification:_identify(.) by extension 'cmake'
[1.168s] Level 1:colcon.colcon_core.package_identification:_identify(.) by extension 'python'
[1.168s] Level 1:colcon.colcon_core.package_identification:_identify(.) by extensions ['python_setup_py']
[1.168s] Level 1:colcon.colcon_core.package_identification:_identify(.) by extension 'python_setup_py'
[1.168s] Level 1:colcon.colcon_core.package_identification:_identify(build) by extensions ['ignore', 'ignore_ament_install']
[1.168s] Level 1:colcon.colcon_core.package_identification:_identify(build) by extension 'ignore'
[1.168s] Level 1:colcon.colcon_core.package_identification:_identify(build) ignored
[1.168s] Level 1:colcon.colcon_core.package_identification:_identify(install) by extensions ['ignore', 'ignore_ament_install']
[1.169s] Level 1:colcon.colcon_core.package_identification:_identify(install) by extension 'ignore'
[1.169s] Level 1:colcon.colcon_core.package_identification:_identify(install) ignored
[1.169s] Level 1:colcon.colcon_core.package_identification:_identify(log) by extensions ['ignore', 'ignore_ament_install']
[1.169s] Level 1:colcon.colcon_core.package_identification:_identify(log) by extension 'ignore'
[1.169s] Level 1:colcon.colcon_core.package_identification:_identify(log) ignored
[1.169s] Level 1:colcon.colcon_core.package_identification:_identify(src) by extensions ['ignore', 'ignore_ament_install']
[1.169s] Level 1:colcon.colcon_core.package_identification:_identify(src) by extension 'ignore'
[1.169s] Level 1:colcon.colcon_core.package_identification:_identify(src) by extension 'ignore_ament_install'
[1.169s] Level 1:colcon.colcon_core.package_identification:_identify(src) by extensions ['colcon_pkg']
[1.169s] Level 1:colcon.colcon_core.package_identification:_identify(src) by extension 'colcon_pkg'
[1.169s] Level 1:colcon.colcon_core.package_identification:_identify(src) by extensions ['colcon_meta']
[1.169s] Level 1:colcon.colcon_core.package_identification:_identify(src) by extension 'colcon_meta'
[1.169s] Level 1:colcon.colcon_core.package_identification:_identify(src) by extensions ['ros']
[1.170s] Level 1:colcon.colcon_core.package_identification:_identify(src) by extension 'ros'
[1.170s] Level 1:colcon.colcon_core.package_identification:_identify(src) by extensions ['cmake', 'python']
[1.170s] Level 1:colcon.colcon_core.package_identification:_identify(src) by extension 'cmake'
[1.170s] Level 1:colcon.colcon_core.package_identification:_identify(src) by extension 'python'
[1.170s] Level 1:colcon.colcon_core.package_identification:_identify(src) by extensions ['python_setup_py']
[1.170s] Level 1:colcon.colcon_core.package_identification:_identify(src) by extension 'python_setup_py'
[1.170s] Level 1:colcon.colcon_core.package_identification:_identify(src/turtlesim_bringup) by extensions ['ignore', 'ignore_ament_install']
[1.170s] Level 1:colcon.colcon_core.package_identification:_identify(src/turtlesim_bringup) by extension 'ignore'
[1.170s] Level 1:colcon.colcon_core.package_identification:_identify(src/turtlesim_bringup) by extension 'ignore_ament_install'
[1.170s] Level 1:colcon.colcon_core.package_identification:_identify(src/turtlesim_bringup) by extensions ['colcon_pkg']
[1.170s] Level 1:colcon.colcon_core.package_identification:_identify(src/turtlesim_bringup) by extension 'colcon_pkg'
[1.170s] Level 1:colcon.colcon_core.package_identification:_identify(src/turtlesim_bringup) by extensions ['colcon_meta']
[1.170s] Level 1:colcon.colcon_core.package_identification:_identify(src/turtlesim_bringup) by extension 'colcon_meta'
[1.170s] Level 1:colcon.colcon_core.package_identification:_identify(src/turtlesim_bringup) by extensions ['ros']
[1.170s] Level 1:colcon.colcon_core.package_identification:_identify(src/turtlesim_bringup) by extension 'ros'
[1.174s] DEBUG:colcon.colcon_core.package_identification:Package 'src/turtlesim_bringup' with type 'ros.ament_cmake' and name 'turtlesim_bringup'
[1.174s] Level 1:colcon.colcon_core.package_identification:_identify(src/turtlesim_py_pkg) by extensions ['ignore', 'ignore_ament_install']
[1.174s] Level 1:colcon.colcon_core.package_identification:_identify(src/turtlesim_py_pkg) by extension 'ignore'
[1.174s] Level 1:colcon.colcon_core.package_identification:_identify(src/turtlesim_py_pkg) by extension 'ignore_ament_install'
[1.174s] Level 1:colcon.colcon_core.package_identification:_identify(src/turtlesim_py_pkg) by extensions ['colcon_pkg']
[1.174s] Level 1:colcon.colcon_core.package_identification:_identify(src/turtlesim_py_pkg) by extension 'colcon_pkg'
[1.174s] Level 1:colcon.colcon_core.package_identification:_identify(src/turtlesim_py_pkg) by extensions ['colcon_meta']
[1.174s] Level 1:colcon.colcon_core.package_identification:_identify(src/turtlesim_py_pkg) by extension 'colcon_meta'
[1.174s] Level 1:colcon.colcon_core.package_identification:_identify(src/turtlesim_py_pkg) by extensions ['ros']
[1.174s] Level 1:colcon.colcon_core.package_identification:_identify(src/turtlesim_py_pkg) by extension 'ros'
[1.175s] DEBUG:colcon.colcon_core.package_identification:Package 'src/turtlesim_py_pkg' with type 'ros.ament_python' and name 'turtlesim_py_pkg'
[1.175s] Level 1:colcon.colcon_core.package_discovery:discover_packages(recursive) using defaults
[1.175s] Level 1:colcon.colcon_core.package_discovery:discover_packages(ignore) discover
[1.175s] Level 1:colcon.colcon_core.package_discovery:discover_packages(ignore) using defaults
[1.175s] Level 1:colcon.colcon_core.package_discovery:discover_packages(path) discover
[1.175s] Level 1:colcon.colcon_core.package_discovery:discover_packages(path) using defaults
[1.269s] Level 1:colcon.colcon_core.package_discovery:discover_packages(prefix_path) check parameters
[1.269s] Level 1:colcon.colcon_core.package_discovery:discover_packages(prefix_path) discover
[1.298s] DEBUG:colcon.colcon_installed_package_information.package_discovery:Found 0 installed packages in /home/sid/turtlesim_ws/install
[1.310s] DEBUG:colcon.colcon_installed_package_information.package_discovery:Found 4 installed packages in /home/sid/ros2_ws/install
[1.324s] DEBUG:colcon.colcon_installed_package_information.package_discovery:Found 270 installed packages in /opt/ros/humble
[1.325s] Level 1:colcon.colcon_core.package_discovery:discover_packages(prefix_path) using defaults
[1.418s] Level 5:colcon.colcon_core.verb:set package 'turtlesim_py_pkg' build argument 'cmake_args' from command line to 'None'
[1.418s] Level 5:colcon.colcon_core.verb:set package 'turtlesim_py_pkg' build argument 'cmake_target' from command line to 'None'
[1.418s] Level 5:colcon.colcon_core.verb:set package 'turtlesim_py_pkg' build argument 'cmake_target_skip_unavailable' from command line to 'False'
[1.418s] Level 5:colcon.colcon_core.verb:set package 'turtlesim_py_pkg' build argument 'cmake_clean_cache' from command line to 'False'
[1.418s] Level 5:colcon.colcon_core.verb:set package 'turtlesim_py_pkg' build argument 'cmake_clean_first' from command line to 'False'
[1.418s] Level 5:colcon.colcon_core.verb:set package 'turtlesim_py_pkg' build argument 'cmake_force_configure' from command line to 'False'
[1.418s] Level 5:colcon.colcon_core.verb:set package 'turtlesim_py_pkg' build argument 'ament_cmake_args' from command line to 'None'
[1.418s] Level 5:colcon.colcon_core.verb:set package 'turtlesim_py_pkg' build argument 'catkin_cmake_args' from command line to 'None'
[1.418s] Level 5:colcon.colcon_core.verb:set package 'turtlesim_py_pkg' build argument 'catkin_skip_building_tests' from command line to 'False'
[1.418s] DEBUG:colcon.colcon_core.verb:Building package 'turtlesim_py_pkg' with the following arguments: {'ament_cmake_args': None, 'build_base': '/home/sid/turtlesim_ws/build/turtlesim_py_pkg', 'catkin_cmake_args': None, 'catkin_skip_building_tests': False, 'cmake_args': None, 'cmake_clean_cache': False, 'cmake_clean_first': False, 'cmake_force_configure': False, 'cmake_target': None, 'cmake_target_skip_unavailable': False, 'install_base': '/home/sid/turtlesim_ws/install/turtlesim_py_pkg', 'merge_install': False, 'path': '/home/sid/turtlesim_ws/src/turtlesim_py_pkg', 'symlink_install': False, 'test_result_base': None}
[1.431s] Level 5:colcon.colcon_core.verb:set package 'turtlesim_bringup' build argument 'cmake_args' from command line to 'None'
[1.431s] Level 5:colcon.colcon_core.verb:set package 'turtlesim_bringup' build argument 'cmake_target' from command line to 'None'
[1.431s] Level 5:colcon.colcon_core.verb:set package 'turtlesim_bringup' build argument 'cmake_target_skip_unavailable' from command line to 'False'
[1.431s] Level 5:colcon.colcon_core.verb:set package 'turtlesim_bringup' build argument 'cmake_clean_cache' from command line to 'False'
[1.431s] Level 5:colcon.colcon_core.verb:set package 'turtlesim_bringup' build argument 'cmake_clean_first' from command line to 'False'
[1.431s] Level 5:colcon.colcon_core.verb:set package 'turtlesim_bringup' build argument 'cmake_force_configure' from command line to 'False'
[1.431s] Level 5:colcon.colcon_core.verb:set package 'turtlesim_bringup' build argument 'ament_cmake_args' from command line to 'None'
[1.431s] Level 5:colcon.colcon_core.verb:set package 'turtlesim_bringup' build argument 'catkin_cmake_args' from command line to 'None'
[1.431s] Level 5:colcon.colcon_core.verb:set package 'turtlesim_bringup' build argument 'catkin_skip_building_tests' from command line to 'False'
[1.431s] DEBUG:colcon.colcon_core.verb:Building package 'turtlesim_bringup' with the following arguments: {'ament_cmake_args': None, 'build_base': '/home/sid/turtlesim_ws/build/turtlesim_bringup', 'catkin_cmake_args': None, 'catkin_skip_building_tests': False, 'cmake_args': None, 'cmake_clean_cache': False, 'cmake_clean_first': False, 'cmake_force_configure': False, 'cmake_target': None, 'cmake_target_skip_unavailable': False, 'install_base': '/home/sid/turtlesim_ws/install/turtlesim_bringup', 'merge_install': False, 'path': '/home/sid/turtlesim_ws/src/turtlesim_bringup', 'symlink_install': False, 'test_result_base': None}
[1.444s] INFO:colcon.colcon_core.executor:Executing jobs using 'parallel' executor
[1.466s] DEBUG:colcon.colcon_parallel_executor.executor.parallel:run_until_complete
[1.467s] INFO:colcon.colcon_ros.task.ament_python.build:Building ROS package in '/home/sid/turtlesim_ws/src/turtlesim_py_pkg' with build type 'ament_python'
[1.468s] Level 1:colcon.colcon_core.shell:create_environment_hook('turtlesim_py_pkg', 'ament_prefix_path')
[1.488s] INFO:colcon.colcon_core.plugin_system:Skipping extension 'colcon_core.shell.bat': Not used on non-Windows systems
[1.488s] INFO:colcon.colcon_core.shell:Creating environment hook '/home/sid/turtlesim_ws/install/turtlesim_py_pkg/share/turtlesim_py_pkg/hook/ament_prefix_path.ps1'
[1.489s] INFO:colcon.colcon_core.shell:Creating environment descriptor '/home/sid/turtlesim_ws/install/turtlesim_py_pkg/share/turtlesim_py_pkg/hook/ament_prefix_path.dsv'
[1.489s] INFO:colcon.colcon_core.shell:Creating environment hook '/home/sid/turtlesim_ws/install/turtlesim_py_pkg/share/turtlesim_py_pkg/hook/ament_prefix_path.sh'
[1.512s] INFO:colcon.colcon_core.shell:Skip shell extension 'powershell' for command environment: Not usable outside of PowerShell
[1.512s] DEBUG:colcon.colcon_core.shell:Skip shell extension 'dsv' for command environment
[2.078s] INFO:colcon.colcon_core.task.python.build:Building Python package in '/home/sid/turtlesim_ws/src/turtlesim_py_pkg'
[2.120s] INFO:colcon.colcon_core.shell:Skip shell extension 'powershell' for command environment: Not usable outside of PowerShell
[2.120s] DEBUG:colcon.colcon_core.shell:Skip shell extension 'dsv' for command environment
[2.914s] DEBUG:colcon.colcon_core.event_handler.log_command:Invoking command in '/home/sid/turtlesim_ws/src/turtlesim_py_pkg': PYTHONPATH=/home/sid/turtlesim_ws/build/turtlesim_py_pkg/prefix_override:/home/sid/turtlesim_ws/install/turtlesim_py_pkg/lib/python3.10/site-packages:${PYTHONPATH} /usr/bin/python3 setup.py egg_info --egg-base ../../build/turtlesim_py_pkg build --build-base /home/sid/turtlesim_ws/build/turtlesim_py_pkg/build install --record /home/sid/turtlesim_ws/build/turtlesim_py_pkg/install.log --single-version-externally-managed
[3.300s] DEBUG:colcon.colcon_core.event_handler.log_command:Invoked command in '/home/sid/turtlesim_ws/src/turtlesim_py_pkg' returned '0': PYTHONPATH=/home/sid/turtlesim_ws/build/turtlesim_py_pkg/prefix_override:/home/sid/turtlesim_ws/install/turtlesim_py_pkg/lib/python3.10/site-packages:${PYTHONPATH} /usr/bin/python3 setup.py egg_info --egg-base ../../build/turtlesim_py_pkg build --build-base /home/sid/turtlesim_ws/build/turtlesim_py_pkg/build install --record /home/sid/turtlesim_ws/build/turtlesim_py_pkg/install.log --single-version-externally-managed
[3.323s] Level 1:colcon.colcon_core.environment:checking '/home/sid/turtlesim_ws/install/turtlesim_py_pkg' for CMake module files
[3.323s] Level 1:colcon.colcon_core.environment:checking '/home/sid/turtlesim_ws/install/turtlesim_py_pkg' for CMake config files
[3.324s] Level 1:colcon.colcon_core.environment:checking '/home/sid/turtlesim_ws/install/turtlesim_py_pkg/lib'
[3.325s] Level 1:colcon.colcon_core.environment:checking '/home/sid/turtlesim_ws/install/turtlesim_py_pkg/bin'
[3.325s] Level 1:colcon.colcon_core.environment:checking '/home/sid/turtlesim_ws/install/turtlesim_py_pkg/lib/pkgconfig/turtlesim_py_pkg.pc'
[3.325s] Level 1:colcon.colcon_core.environment:checking '/home/sid/turtlesim_ws/install/turtlesim_py_pkg/lib/python3.10/site-packages'
[3.325s] Level 1:colcon.colcon_core.shell:create_environment_hook('turtlesim_py_pkg', 'pythonpath')
[3.337s] INFO:colcon.colcon_core.shell:Creating environment hook '/home/sid/turtlesim_ws/install/turtlesim_py_pkg/share/turtlesim_py_pkg/hook/pythonpath.ps1'
[3.338s] INFO:colcon.colcon_core.shell:Creating environment descriptor '/home/sid/turtlesim_ws/install/turtlesim_py_pkg/share/turtlesim_py_pkg/hook/pythonpath.dsv'
[3.338s] INFO:colcon.colcon_core.shell:Creating environment hook '/home/sid/turtlesim_ws/install/turtlesim_py_pkg/share/turtlesim_py_pkg/hook/pythonpath.sh'
[3.339s] Level 1:colcon.colcon_core.environment:checking '/home/sid/turtlesim_ws/install/turtlesim_py_pkg/bin'
[3.339s] Level 1:colcon.colcon_core.environment:create_environment_scripts_only(turtlesim_py_pkg)
[3.350s] INFO:colcon.colcon_core.shell:Creating package script '/home/sid/turtlesim_ws/install/turtlesim_py_pkg/share/turtlesim_py_pkg/package.ps1'
[3.355s] INFO:colcon.colcon_core.shell:Creating package descriptor '/home/sid/turtlesim_ws/install/turtlesim_py_pkg/share/turtlesim_py_pkg/package.dsv'
[3.381s] INFO:colcon.colcon_core.shell:Creating package script '/home/sid/turtlesim_ws/install/turtlesim_py_pkg/share/turtlesim_py_pkg/package.sh'
[3.385s] INFO:colcon.colcon_core.shell:Creating package script '/home/sid/turtlesim_ws/install/turtlesim_py_pkg/share/turtlesim_py_pkg/package.bash'
[3.385s] INFO:colcon.colcon_core.shell:Creating package script '/home/sid/turtlesim_ws/install/turtlesim_py_pkg/share/turtlesim_py_pkg/package.zsh'
[3.389s] Level 1:colcon.colcon_core.environment:create_file_with_runtime_dependencies(/home/sid/turtlesim_ws/install/turtlesim_py_pkg/share/colcon-core/packages/turtlesim_py_pkg)
[3.402s] INFO:colcon.colcon_ros.task.ament_cmake.build:Building ROS package in '/home/sid/turtlesim_ws/src/turtlesim_bringup' with build type 'ament_cmake'
[3.402s] INFO:colcon.colcon_cmake.task.cmake.build:Building CMake package in '/home/sid/turtlesim_ws/src/turtlesim_bringup'
[3.421s] INFO:colcon.colcon_core.shell:Skip shell extension 'powershell' for command environment: Not usable outside of PowerShell
[3.421s] DEBUG:colcon.colcon_core.shell:Skip shell extension 'dsv' for command environment
[3.613s] DEBUG:colcon.colcon_core.event_handler.log_command:Invoking command in '/home/sid/turtlesim_ws/build/turtlesim_bringup': AMENT_PREFIX_PATH=/home/sid/turtlesim_ws/install/turtlesim_py_pkg:${AMENT_PREFIX_PATH} CMAKE_PREFIX_PATH=${CMAKE_PREFIX_PATH}:/home/sid/ros2_ws/install/my_py_pkg:/opt/ros/humble PYTHONPATH=/home/sid/turtlesim_ws/install/turtlesim_py_pkg/lib/python3.10/site-packages:${PYTHONPATH} /usr/bin/cmake /home/sid/turtlesim_ws/src/turtlesim_bringup -DCMAKE_INSTALL_PREFIX=/home/sid/turtlesim_ws/install/turtlesim_bringup
[8.419s] DEBUG:colcon.colcon_core.event_handler.log_command:Invoked command in '/home/sid/turtlesim_ws/build/turtlesim_bringup' returned '0': AMENT_PREFIX_PATH=/home/sid/turtlesim_ws/install/turtlesim_py_pkg:${AMENT_PREFIX_PATH} CMAKE_PREFIX_PATH=${CMAKE_PREFIX_PATH}:/home/sid/ros2_ws/install/my_py_pkg:/opt/ros/humble PYTHONPATH=/home/sid/turtlesim_ws/install/turtlesim_py_pkg/lib/python3.10/site-packages:${PYTHONPATH} /usr/bin/cmake /home/sid/turtlesim_ws/src/turtlesim_bringup -DCMAKE_INSTALL_PREFIX=/home/sid/turtlesim_ws/install/turtlesim_bringup
[8.420s] DEBUG:colcon.colcon_core.event_handler.log_command:Invoking command in '/home/sid/turtlesim_ws/build/turtlesim_bringup': AMENT_PREFIX_PATH=/home/sid/turtlesim_ws/install/turtlesim_py_pkg:${AMENT_PREFIX_PATH} CMAKE_PREFIX_PATH=${CMAKE_PREFIX_PATH}:/home/sid/ros2_ws/install/my_py_pkg:/opt/ros/humble PYTHONPATH=/home/sid/turtlesim_ws/install/turtlesim_py_pkg/lib/python3.10/site-packages:${PYTHONPATH} /usr/bin/cmake --build /home/sid/turtlesim_ws/build/turtlesim_bringup -- -j4 -l4
[8.548s] DEBUG:colcon.colcon_core.event_handler.log_command:Invoked command in '/home/sid/turtlesim_ws/build/turtlesim_bringup' returned '0': AMENT_PREFIX_PATH=/home/sid/turtlesim_ws/install/turtlesim_py_pkg:${AMENT_PREFIX_PATH} CMAKE_PREFIX_PATH=${CMAKE_PREFIX_PATH}:/home/sid/ros2_ws/install/my_py_pkg:/opt/ros/humble PYTHONPATH=/home/sid/turtlesim_ws/install/turtlesim_py_pkg/lib/python3.10/site-packages:${PYTHONPATH} /usr/bin/cmake --build /home/sid/turtlesim_ws/build/turtlesim_bringup -- -j4 -l4
[8.780s] DEBUG:colcon.colcon_core.event_handler.log_command:Invoking command in '/home/sid/turtlesim_ws/build/turtlesim_bringup': AMENT_PREFIX_PATH=/home/sid/turtlesim_ws/install/turtlesim_py_pkg:${AMENT_PREFIX_PATH} CMAKE_PREFIX_PATH=${CMAKE_PREFIX_PATH}:/home/sid/ros2_ws/install/my_py_pkg:/opt/ros/humble PYTHONPATH=/home/sid/turtlesim_ws/install/turtlesim_py_pkg/lib/python3.10/site-packages:${PYTHONPATH} /usr/bin/cmake --install /home/sid/turtlesim_ws/build/turtlesim_bringup
[8.826s] Level 1:colcon.colcon_core.environment:create_environment_scripts_only(turtlesim_bringup)
[8.897s] DEBUG:colcon.colcon_core.event_handler.log_command:Invoked command in '/home/sid/turtlesim_ws/build/turtlesim_bringup' returned '0': AMENT_PREFIX_PATH=/home/sid/turtlesim_ws/install/turtlesim_py_pkg:${AMENT_PREFIX_PATH} CMAKE_PREFIX_PATH=${CMAKE_PREFIX_PATH}:/home/sid/ros2_ws/install/my_py_pkg:/opt/ros/humble PYTHONPATH=/home/sid/turtlesim_ws/install/turtlesim_py_pkg/lib/python3.10/site-packages:${PYTHONPATH} /usr/bin/cmake --install /home/sid/turtlesim_ws/build/turtlesim_bringup
[8.902s] Level 1:colcon.colcon_core.environment:checking '/home/sid/turtlesim_ws/install/turtlesim_bringup' for CMake module files
[8.903s] Level 1:colcon.colcon_core.environment:checking '/home/sid/turtlesim_ws/install/turtlesim_bringup' for CMake config files
[8.903s] Level 1:colcon.colcon_core.shell:create_environment_hook('turtlesim_bringup', 'cmake_prefix_path')
[8.921s] INFO:colcon.colcon_core.shell:Creating environment hook '/home/sid/turtlesim_ws/install/turtlesim_bringup/share/turtlesim_bringup/hook/cmake_prefix_path.ps1'
[8.921s] INFO:colcon.colcon_core.shell:Creating environment descriptor '/home/sid/turtlesim_ws/install/turtlesim_bringup/share/turtlesim_bringup/hook/cmake_prefix_path.dsv'
[8.922s] INFO:colcon.colcon_core.shell:Creating environment hook '/home/sid/turtlesim_ws/install/turtlesim_bringup/share/turtlesim_bringup/hook/cmake_prefix_path.sh'
[8.922s] Level 1:colcon.colcon_core.environment:checking '/home/sid/turtlesim_ws/install/turtlesim_bringup/bin'
[8.923s] Level 1:colcon.colcon_core.environment:checking '/home/sid/turtlesim_ws/install/turtlesim_bringup/lib/pkgconfig/turtlesim_bringup.pc'
[8.925s] Level 1:colcon.colcon_core.environment:checking '/home/sid/turtlesim_ws/install/turtlesim_bringup/lib/python3.10/site-packages'
[8.926s] Level 1:colcon.colcon_core.environment:checking '/home/sid/turtlesim_ws/install/turtlesim_bringup/bin'
[8.970s] INFO:colcon.colcon_core.shell:Creating package script '/home/sid/turtlesim_ws/install/turtlesim_bringup/share/turtlesim_bringup/package.ps1'
[8.972s] INFO:colcon.colcon_core.shell:Creating package descriptor '/home/sid/turtlesim_ws/install/turtlesim_bringup/share/turtlesim_bringup/package.dsv'
[8.973s] INFO:colcon.colcon_core.shell:Creating package script '/home/sid/turtlesim_ws/install/turtlesim_bringup/share/turtlesim_bringup/package.sh'
[8.974s] INFO:colcon.colcon_core.shell:Creating package script '/home/sid/turtlesim_ws/install/turtlesim_bringup/share/turtlesim_bringup/package.bash'
[8.974s] INFO:colcon.colcon_core.shell:Creating package script '/home/sid/turtlesim_ws/install/turtlesim_bringup/share/turtlesim_bringup/package.zsh'
[8.975s] Level 1:colcon.colcon_core.environment:create_file_with_runtime_dependencies(/home/sid/turtlesim_ws/install/turtlesim_bringup/share/colcon-core/packages/turtlesim_bringup)
[9.210s] Level 1:colcon.colcon_core.environment:create_environment_scripts_only(turtlesim_bringup)
[9.285s] Level 1:colcon.colcon_core.environment:checking '/home/sid/turtlesim_ws/install/turtlesim_bringup' for CMake module files
[9.285s] Level 1:colcon.colcon_core.environment:checking '/home/sid/turtlesim_ws/install/turtlesim_bringup' for CMake config files
[9.285s] Level 1:colcon.colcon_core.shell:create_environment_hook('turtlesim_bringup', 'cmake_prefix_path')
[9.308s] INFO:colcon.colcon_core.shell:Creating environment hook '/home/sid/turtlesim_ws/install/turtlesim_bringup/share/turtlesim_bringup/hook/cmake_prefix_path.ps1'
[9.309s] INFO:colcon.colcon_core.shell:Creating environment descriptor '/home/sid/turtlesim_ws/install/turtlesim_bringup/share/turtlesim_bringup/hook/cmake_prefix_path.dsv'
[9.311s] INFO:colcon.colcon_core.shell:Creating environment hook '/home/sid/turtlesim_ws/install/turtlesim_bringup/share/turtlesim_bringup/hook/cmake_prefix_path.sh'
[9.313s] Level 1:colcon.colcon_core.environment:checking '/home/sid/turtlesim_ws/install/turtlesim_bringup/bin'
[9.313s] Level 1:colcon.colcon_core.environment:checking '/home/sid/turtlesim_ws/install/turtlesim_bringup/lib/pkgconfig/turtlesim_bringup.pc'
[9.313s] Level 1:colcon.colcon_core.environment:checking '/home/sid/turtlesim_ws/install/turtlesim_bringup/lib/python3.10/site-packages'
[9.314s] Level 1:colcon.colcon_core.environment:checking '/home/sid/turtlesim_ws/install/turtlesim_bringup/bin'
[9.330s] INFO:colcon.colcon_core.shell:Creating package script '/home/sid/turtlesim_ws/install/turtlesim_bringup/share/turtlesim_bringup/package.ps1'
[9.339s] INFO:colcon.colcon_core.shell:Creating package descriptor '/home/sid/turtlesim_ws/install/turtlesim_bringup/share/turtlesim_bringup/package.dsv'
[9.346s] INFO:colcon.colcon_core.shell:Creating package script '/home/sid/turtlesim_ws/install/turtlesim_bringup/share/turtlesim_bringup/package.sh'
[9.349s] INFO:colcon.colcon_core.shell:Creating package script '/home/sid/turtlesim_ws/install/turtlesim_bringup/share/turtlesim_bringup/package.bash'
[9.356s] INFO:colcon.colcon_core.shell:Creating package script '/home/sid/turtlesim_ws/install/turtlesim_bringup/share/turtlesim_bringup/package.zsh'
[9.361s] Level 1:colcon.colcon_core.environment:create_file_with_runtime_dependencies(/home/sid/turtlesim_ws/install/turtlesim_bringup/share/colcon-core/packages/turtlesim_bringup)
[9.367s] DEBUG:colcon.colcon_parallel_executor.executor.parallel:closing loop
[9.389s] DEBUG:colcon.colcon_parallel_executor.executor.parallel:loop closed
[9.393s] DEBUG:colcon.colcon_parallel_executor.executor.parallel:run_until_complete finished with '0'
[9.393s] DEBUG:colcon.colcon_core.event_reactor:joining thread
[9.440s] INFO:colcon.colcon_core.plugin_system:Skipping extension 'colcon_notification.desktop_notification.terminal_notifier': Not used on non-Darwin systems
[9.440s] INFO:colcon.colcon_core.plugin_system:Skipping extension 'colcon_notification.desktop_notification.win32': Not used on non-Windows systems
[9.440s] INFO:colcon.colcon_notification.desktop_notification:Sending desktop notification using 'notify2'
[9.566s] DEBUG:colcon.colcon_core.event_reactor:joined thread
[9.582s] INFO:colcon.colcon_core.shell:Creating prefix script '/home/sid/turtlesim_ws/install/local_setup.ps1'
[9.583s] INFO:colcon.colcon_core.shell:Creating prefix util module '/home/sid/turtlesim_ws/install/_local_setup_util_ps1.py'
[9.585s] INFO:colcon.colcon_core.shell:Creating prefix chain script '/home/sid/turtlesim_ws/install/setup.ps1'
[9.598s] INFO:colcon.colcon_core.shell:Creating prefix script '/home/sid/turtlesim_ws/install/local_setup.sh'
[9.600s] INFO:colcon.colcon_core.shell:Creating prefix util module '/home/sid/turtlesim_ws/install/_local_setup_util_sh.py'
[9.600s] INFO:colcon.colcon_core.shell:Creating prefix chain script '/home/sid/turtlesim_ws/install/setup.sh'
[9.637s] INFO:colcon.colcon_core.shell:Creating prefix script '/home/sid/turtlesim_ws/install/local_setup.bash'
[9.638s] INFO:colcon.colcon_core.shell:Creating prefix chain script '/home/sid/turtlesim_ws/install/setup.bash'
[9.653s] INFO:colcon.colcon_core.shell:Creating prefix script '/home/sid/turtlesim_ws/install/local_setup.zsh'
[9.655s] INFO:colcon.colcon_core.shell:Creating prefix chain script '/home/sid/turtlesim_ws/install/setup.zsh'
