[1.139s] DEBUG:colcon:Command line arguments: ['/usr/bin/colcon', 'build', '--packages-select', 'turtlesim_py_pkg', 'turtlesim_bringup', '--allow-overriding', 'turtlesim_py_pkg', '--allow-overriding', 'turtlesim_bringup']
[1.140s] DEBUG:colcon:Parsed command line arguments: Namespace(log_base=None, log_level=None, verb_name='build', build_base='build', install_base='install', merge_install=False, symlink_install=False, test_result_base=None, continue_on_error=False, executor='parallel', parallel_workers=4, event_handlers=None, ignore_user_meta=False, metas=['./colcon.meta'], base_paths=['.'], packages_ignore=None, packages_ignore_regex=None, paths=None, packages_up_to=None, packages_up_to_regex=None, packages_above=None, packages_above_and_dependencies=None, packages_above_depth=None, packages_select_by_dep=None, packages_skip_by_dep=None, packages_skip_up_to=None, packages_select_build_failed=False, packages_skip_build_finished=False, packages_select_test_failures=False, packages_skip_test_passed=False, packages_select=['turtlesim_py_pkg', 'turtlesim_bringup'], packages_skip=None, packages_select_regex=None, packages_skip_regex=None, packages_start=None, packages_end=None, allow_overriding=['turtlesim_py_pkg', 'turtlesim_bringup'], cmake_args=None, cmake_target=None, cmake_target_skip_unavailable=False, cmake_clean_cache=False, cmake_clean_first=False, cmake_force_configure=False, ament_cmake_args=None, catkin_cmake_args=None, catkin_skip_building_tests=False, verb_parser=<colcon_defaults.argument_parser.defaults.DefaultArgumentsDecorator object at 0x70550d627550>, verb_extension=<colcon_core.verb.build.BuildVerb object at 0x70550dabefe0>, main=<bound method BuildVerb.main of <colcon_core.verb.build.BuildVerb object at 0x70550dabefe0>>)
[1.190s] Level 1:colcon.colcon_core.package_discovery:discover_packages(colcon_meta) check parameters
[1.190s] Level 1:colcon.colcon_core.package_discovery:discover_packages(recursive) check parameters
[1.191s] Level 1:colcon.colcon_core.package_discovery:discover_packages(ignore) check parameters
[1.191s] Level 1:colcon.colcon_core.package_discovery:discover_packages(path) check parameters
[1.191s] Level 1:colcon.colcon_core.package_discovery:discover_packages(colcon_meta) discover
[1.191s] Level 1:colcon.colcon_core.package_discovery:discover_packages(recursive) discover
[1.191s] INFO:colcon.colcon_core.package_discovery:Crawling recursively for packages in '/home/sid/turtlesim_ws'
[1.191s] Level 1:colcon.colcon_core.package_identification:_identify(.) by extensions ['ignore', 'ignore_ament_install']
[1.191s] Level 1:colcon.colcon_core.package_identification:_identify(.) by extension 'ignore'
[1.191s] Level 1:colcon.colcon_core.package_identification:_identify(.) by extension 'ignore_ament_install'
[1.191s] Level 1:colcon.colcon_core.package_identification:_identify(.) by extensions ['colcon_pkg']
[1.191s] Level 1:colcon.colcon_core.package_identification:_identify(.) by extension 'colcon_pkg'
[1.192s] Level 1:colcon.colcon_core.package_identification:_identify(.) by extensions ['colcon_meta']
[1.192s] Level 1:colcon.colcon_core.package_identification:_identify(.) by extension 'colcon_meta'
[1.192s] Level 1:colcon.colcon_core.package_identification:_identify(.) by extensions ['ros']
[1.192s] Level 1:colcon.colcon_core.package_identification:_identify(.) by extension 'ros'
[1.203s] Level 1:colcon.colcon_core.package_identification:_identify(.) by extensions ['cmake', 'python']
[1.204s] Level 1:colcon.colcon_core.package_identification:_identify(.) by extension 'cmake'
[1.204s] Level 1:colcon.colcon_core.package_identification:_identify(.) by extension 'python'
[1.204s] Level 1:colcon.colcon_core.package_identification:_identify(.) by extensions ['python_setup_py']
[1.204s] Level 1:colcon.colcon_core.package_identification:_identify(.) by extension 'python_setup_py'
[1.204s] Level 1:colcon.colcon_core.package_identification:_identify(build) by extensions ['ignore', 'ignore_ament_install']
[1.204s] Level 1:colcon.colcon_core.package_identification:_identify(build) by extension 'ignore'
[1.204s] Level 1:colcon.colcon_core.package_identification:_identify(build) ignored
[1.204s] Level 1:colcon.colcon_core.package_identification:_identify(install) by extensions ['ignore', 'ignore_ament_install']
[1.204s] Level 1:colcon.colcon_core.package_identification:_identify(install) by extension 'ignore'
[1.204s] Level 1:colcon.colcon_core.package_identification:_identify(install) ignored
[1.205s] Level 1:colcon.colcon_core.package_identification:_identify(log) by extensions ['ignore', 'ignore_ament_install']
[1.205s] Level 1:colcon.colcon_core.package_identification:_identify(log) by extension 'ignore'
[1.205s] Level 1:colcon.colcon_core.package_identification:_identify(log) ignored
[1.205s] Level 1:colcon.colcon_core.package_identification:_identify(src) by extensions ['ignore', 'ignore_ament_install']
[1.205s] Level 1:colcon.colcon_core.package_identification:_identify(src) by extension 'ignore'
[1.205s] Level 1:colcon.colcon_core.package_identification:_identify(src) by extension 'ignore_ament_install'
[1.205s] Level 1:colcon.colcon_core.package_identification:_identify(src) by extensions ['colcon_pkg']
[1.205s] Level 1:colcon.colcon_core.package_identification:_identify(src) by extension 'colcon_pkg'
[1.205s] Level 1:colcon.colcon_core.package_identification:_identify(src) by extensions ['colcon_meta']
[1.205s] Level 1:colcon.colcon_core.package_identification:_identify(src) by extension 'colcon_meta'
[1.205s] Level 1:colcon.colcon_core.package_identification:_identify(src) by extensions ['ros']
[1.205s] Level 1:colcon.colcon_core.package_identification:_identify(src) by extension 'ros'
[1.205s] Level 1:colcon.colcon_core.package_identification:_identify(src) by extensions ['cmake', 'python']
[1.205s] Level 1:colcon.colcon_core.package_identification:_identify(src) by extension 'cmake'
[1.205s] Level 1:colcon.colcon_core.package_identification:_identify(src) by extension 'python'
[1.205s] Level 1:colcon.colcon_core.package_identification:_identify(src) by extensions ['python_setup_py']
[1.205s] Level 1:colcon.colcon_core.package_identification:_identify(src) by extension 'python_setup_py'
[1.205s] Level 1:colcon.colcon_core.package_identification:_identify(src/turtlesim_bringup) by extensions ['ignore', 'ignore_ament_install']
[1.205s] Level 1:colcon.colcon_core.package_identification:_identify(src/turtlesim_bringup) by extension 'ignore'
[1.206s] Level 1:colcon.colcon_core.package_identification:_identify(src/turtlesim_bringup) by extension 'ignore_ament_install'
[1.206s] Level 1:colcon.colcon_core.package_identification:_identify(src/turtlesim_bringup) by extensions ['colcon_pkg']
[1.206s] Level 1:colcon.colcon_core.package_identification:_identify(src/turtlesim_bringup) by extension 'colcon_pkg'
[1.206s] Level 1:colcon.colcon_core.package_identification:_identify(src/turtlesim_bringup) by extensions ['colcon_meta']
[1.206s] Level 1:colcon.colcon_core.package_identification:_identify(src/turtlesim_bringup) by extension 'colcon_meta'
[1.206s] Level 1:colcon.colcon_core.package_identification:_identify(src/turtlesim_bringup) by extensions ['ros']
[1.206s] Level 1:colcon.colcon_core.package_identification:_identify(src/turtlesim_bringup) by extension 'ros'
[1.213s] DEBUG:colcon.colcon_core.package_identification:Package 'src/turtlesim_bringup' with type 'ros.ament_cmake' and name 'turtlesim_bringup'
[1.213s] Level 1:colcon.colcon_core.package_identification:_identify(src/turtlesim_py_pkg) by extensions ['ignore', 'ignore_ament_install']
[1.214s] Level 1:colcon.colcon_core.package_identification:_identify(src/turtlesim_py_pkg) by extension 'ignore'
[1.214s] Level 1:colcon.colcon_core.package_identification:_identify(src/turtlesim_py_pkg) by extension 'ignore_ament_install'
[1.214s] Level 1:colcon.colcon_core.package_identification:_identify(src/turtlesim_py_pkg) by extensions ['colcon_pkg']
[1.214s] Level 1:colcon.colcon_core.package_identification:_identify(src/turtlesim_py_pkg) by extension 'colcon_pkg'
[1.214s] Level 1:colcon.colcon_core.package_identification:_identify(src/turtlesim_py_pkg) by extensions ['colcon_meta']
[1.214s] Level 1:colcon.colcon_core.package_identification:_identify(src/turtlesim_py_pkg) by extension 'colcon_meta'
[1.214s] Level 1:colcon.colcon_core.package_identification:_identify(src/turtlesim_py_pkg) by extensions ['ros']
[1.214s] Level 1:colcon.colcon_core.package_identification:_identify(src/turtlesim_py_pkg) by extension 'ros'
[1.215s] DEBUG:colcon.colcon_core.package_identification:Package 'src/turtlesim_py_pkg' with type 'ros.ament_python' and name 'turtlesim_py_pkg'
[1.215s] Level 1:colcon.colcon_core.package_discovery:discover_packages(recursive) using defaults
[1.216s] Level 1:colcon.colcon_core.package_discovery:discover_packages(ignore) discover
[1.216s] Level 1:colcon.colcon_core.package_discovery:discover_packages(ignore) using defaults
[1.216s] Level 1:colcon.colcon_core.package_discovery:discover_packages(path) discover
[1.216s] Level 1:colcon.colcon_core.package_discovery:discover_packages(path) using defaults
[1.342s] Level 1:colcon.colcon_core.package_discovery:discover_packages(prefix_path) check parameters
[1.342s] Level 1:colcon.colcon_core.package_discovery:discover_packages(prefix_path) discover
[1.373s] DEBUG:colcon.colcon_installed_package_information.package_discovery:Found 2 installed packages in /home/sid/turtlesim_ws/install
[1.386s] DEBUG:colcon.colcon_installed_package_information.package_discovery:Found 4 installed packages in /home/sid/ros2_ws/install
[1.400s] DEBUG:colcon.colcon_installed_package_information.package_discovery:Found 270 installed packages in /opt/ros/humble
[1.401s] Level 1:colcon.colcon_core.package_discovery:discover_packages(prefix_path) using defaults
[1.488s] Level 5:colcon.colcon_core.verb:set package 'turtlesim_py_pkg' build argument 'cmake_args' from command line to 'None'
[1.488s] Level 5:colcon.colcon_core.verb:set package 'turtlesim_py_pkg' build argument 'cmake_target' from command line to 'None'
[1.488s] Level 5:colcon.colcon_core.verb:set package 'turtlesim_py_pkg' build argument 'cmake_target_skip_unavailable' from command line to 'False'
[1.489s] Level 5:colcon.colcon_core.verb:set package 'turtlesim_py_pkg' build argument 'cmake_clean_cache' from command line to 'False'
[1.489s] Level 5:colcon.colcon_core.verb:set package 'turtlesim_py_pkg' build argument 'cmake_clean_first' from command line to 'False'
[1.489s] Level 5:colcon.colcon_core.verb:set package 'turtlesim_py_pkg' build argument 'cmake_force_configure' from command line to 'False'
[1.489s] Level 5:colcon.colcon_core.verb:set package 'turtlesim_py_pkg' build argument 'ament_cmake_args' from command line to 'None'
[1.489s] Level 5:colcon.colcon_core.verb:set package 'turtlesim_py_pkg' build argument 'catkin_cmake_args' from command line to 'None'
[1.489s] Level 5:colcon.colcon_core.verb:set package 'turtlesim_py_pkg' build argument 'catkin_skip_building_tests' from command line to 'False'
[1.489s] DEBUG:colcon.colcon_core.verb:Building package 'turtlesim_py_pkg' with the following arguments: {'ament_cmake_args': None, 'build_base': '/home/sid/turtlesim_ws/build/turtlesim_py_pkg', 'catkin_cmake_args': None, 'catkin_skip_building_tests': False, 'cmake_args': None, 'cmake_clean_cache': False, 'cmake_clean_first': False, 'cmake_force_configure': False, 'cmake_target': None, 'cmake_target_skip_unavailable': False, 'install_base': '/home/sid/turtlesim_ws/install/turtlesim_py_pkg', 'merge_install': False, 'path': '/home/sid/turtlesim_ws/src/turtlesim_py_pkg', 'symlink_install': False, 'test_result_base': None}
[1.501s] Level 5:colcon.colcon_core.verb:set package 'turtlesim_bringup' build argument 'cmake_args' from command line to 'None'
[1.501s] Level 5:colcon.colcon_core.verb:set package 'turtlesim_bringup' build argument 'cmake_target' from command line to 'None'
[1.501s] Level 5:colcon.colcon_core.verb:set package 'turtlesim_bringup' build argument 'cmake_target_skip_unavailable' from command line to 'False'
[1.501s] Level 5:colcon.colcon_core.verb:set package 'turtlesim_bringup' build argument 'cmake_clean_cache' from command line to 'False'
[1.501s] Level 5:colcon.colcon_core.verb:set package 'turtlesim_bringup' build argument 'cmake_clean_first' from command line to 'False'
[1.501s] Level 5:colcon.colcon_core.verb:set package 'turtlesim_bringup' build argument 'cmake_force_configure' from command line to 'False'
[1.501s] Level 5:colcon.colcon_core.verb:set package 'turtlesim_bringup' build argument 'ament_cmake_args' from command line to 'None'
[1.501s] Level 5:colcon.colcon_core.verb:set package 'turtlesim_bringup' build argument 'catkin_cmake_args' from command line to 'None'
[1.501s] Level 5:colcon.colcon_core.verb:set package 'turtlesim_bringup' build argument 'catkin_skip_building_tests' from command line to 'False'
[1.501s] DEBUG:colcon.colcon_core.verb:Building package 'turtlesim_bringup' with the following arguments: {'ament_cmake_args': None, 'build_base': '/home/sid/turtlesim_ws/build/turtlesim_bringup', 'catkin_cmake_args': None, 'catkin_skip_building_tests': False, 'cmake_args': None, 'cmake_clean_cache': False, 'cmake_clean_first': False, 'cmake_force_configure': False, 'cmake_target': None, 'cmake_target_skip_unavailable': False, 'install_base': '/home/sid/turtlesim_ws/install/turtlesim_bringup', 'merge_install': False, 'path': '/home/sid/turtlesim_ws/src/turtlesim_bringup', 'symlink_install': False, 'test_result_base': None}
[1.517s] INFO:colcon.colcon_core.executor:Executing jobs using 'parallel' executor
[1.535s] DEBUG:colcon.colcon_parallel_executor.executor.parallel:run_until_complete
[1.536s] INFO:colcon.colcon_ros.task.ament_python.build:Building ROS package in '/home/sid/turtlesim_ws/src/turtlesim_py_pkg' with build type 'ament_python'
[1.536s] Level 1:colcon.colcon_core.shell:create_environment_hook('turtlesim_py_pkg', 'ament_prefix_path')
[1.552s] INFO:colcon.colcon_core.plugin_system:Skipping extension 'colcon_core.shell.bat': Not used on non-Windows systems
[1.553s] INFO:colcon.colcon_core.shell:Creating environment hook '/home/sid/turtlesim_ws/install/turtlesim_py_pkg/share/turtlesim_py_pkg/hook/ament_prefix_path.ps1'
[1.554s] INFO:colcon.colcon_core.shell:Creating environment descriptor '/home/sid/turtlesim_ws/install/turtlesim_py_pkg/share/turtlesim_py_pkg/hook/ament_prefix_path.dsv'
[1.554s] INFO:colcon.colcon_core.shell:Creating environment hook '/home/sid/turtlesim_ws/install/turtlesim_py_pkg/share/turtlesim_py_pkg/hook/ament_prefix_path.sh'
[1.576s] INFO:colcon.colcon_core.shell:Skip shell extension 'powershell' for command environment: Not usable outside of PowerShell
[1.576s] DEBUG:colcon.colcon_core.shell:Skip shell extension 'dsv' for command environment
[2.018s] INFO:colcon.colcon_core.task.python.build:Building Python package in '/home/sid/turtlesim_ws/src/turtlesim_py_pkg'
[2.067s] INFO:colcon.colcon_core.shell:Skip shell extension 'powershell' for command environment: Not usable outside of PowerShell
[2.067s] DEBUG:colcon.colcon_core.shell:Skip shell extension 'dsv' for command environment
[2.663s] DEBUG:colcon.colcon_core.event_handler.log_command:Invoking command in '/home/sid/turtlesim_ws/src/turtlesim_py_pkg': PYTHONPATH=/home/sid/turtlesim_ws/build/turtlesim_py_pkg/prefix_override:/home/sid/turtlesim_ws/install/turtlesim_py_pkg/lib/python3.10/site-packages:${PYTHONPATH} /usr/bin/python3 setup.py egg_info --egg-base ../../build/turtlesim_py_pkg build --build-base /home/sid/turtlesim_ws/build/turtlesim_py_pkg/build install --record /home/sid/turtlesim_ws/build/turtlesim_py_pkg/install.log --single-version-externally-managed
[3.328s] DEBUG:colcon.colcon_core.event_handler.log_command:Invoked command in '/home/sid/turtlesim_ws/src/turtlesim_py_pkg' returned '0': PYTHONPATH=/home/sid/turtlesim_ws/build/turtlesim_py_pkg/prefix_override:/home/sid/turtlesim_ws/install/turtlesim_py_pkg/lib/python3.10/site-packages:${PYTHONPATH} /usr/bin/python3 setup.py egg_info --egg-base ../../build/turtlesim_py_pkg build --build-base /home/sid/turtlesim_ws/build/turtlesim_py_pkg/build install --record /home/sid/turtlesim_ws/build/turtlesim_py_pkg/install.log --single-version-externally-managed
[3.335s] Level 1:colcon.colcon_core.environment:checking '/home/sid/turtlesim_ws/install/turtlesim_py_pkg' for CMake module files
[3.335s] Level 1:colcon.colcon_core.environment:checking '/home/sid/turtlesim_ws/install/turtlesim_py_pkg' for CMake config files
[3.336s] Level 1:colcon.colcon_core.environment:checking '/home/sid/turtlesim_ws/install/turtlesim_py_pkg/lib'
[3.336s] Level 1:colcon.colcon_core.environment:checking '/home/sid/turtlesim_ws/install/turtlesim_py_pkg/bin'
[3.336s] Level 1:colcon.colcon_core.environment:checking '/home/sid/turtlesim_ws/install/turtlesim_py_pkg/lib/pkgconfig/turtlesim_py_pkg.pc'
[3.336s] Level 1:colcon.colcon_core.environment:checking '/home/sid/turtlesim_ws/install/turtlesim_py_pkg/lib/python3.10/site-packages'
[3.336s] Level 1:colcon.colcon_core.shell:create_environment_hook('turtlesim_py_pkg', 'pythonpath')
[3.365s] INFO:colcon.colcon_core.shell:Creating environment hook '/home/sid/turtlesim_ws/install/turtlesim_py_pkg/share/turtlesim_py_pkg/hook/pythonpath.ps1'
[3.371s] INFO:colcon.colcon_core.shell:Creating environment descriptor '/home/sid/turtlesim_ws/install/turtlesim_py_pkg/share/turtlesim_py_pkg/hook/pythonpath.dsv'
[3.376s] INFO:colcon.colcon_core.shell:Creating environment hook '/home/sid/turtlesim_ws/install/turtlesim_py_pkg/share/turtlesim_py_pkg/hook/pythonpath.sh'
[3.400s] Level 1:colcon.colcon_core.environment:checking '/home/sid/turtlesim_ws/install/turtlesim_py_pkg/bin'
[3.400s] Level 1:colcon.colcon_core.environment:create_environment_scripts_only(turtlesim_py_pkg)
[3.434s] INFO:colcon.colcon_core.shell:Creating package script '/home/sid/turtlesim_ws/install/turtlesim_py_pkg/share/turtlesim_py_pkg/package.ps1'
[3.436s] INFO:colcon.colcon_core.shell:Creating package descriptor '/home/sid/turtlesim_ws/install/turtlesim_py_pkg/share/turtlesim_py_pkg/package.dsv'
[3.437s] INFO:colcon.colcon_core.shell:Creating package script '/home/sid/turtlesim_ws/install/turtlesim_py_pkg/share/turtlesim_py_pkg/package.sh'
[3.438s] INFO:colcon.colcon_core.shell:Creating package script '/home/sid/turtlesim_ws/install/turtlesim_py_pkg/share/turtlesim_py_pkg/package.bash'
[3.440s] INFO:colcon.colcon_core.shell:Creating package script '/home/sid/turtlesim_ws/install/turtlesim_py_pkg/share/turtlesim_py_pkg/package.zsh'
[3.442s] Level 1:colcon.colcon_core.environment:create_file_with_runtime_dependencies(/home/sid/turtlesim_ws/install/turtlesim_py_pkg/share/colcon-core/packages/turtlesim_py_pkg)
[3.443s] INFO:colcon.colcon_ros.task.ament_cmake.build:Building ROS package in '/home/sid/turtlesim_ws/src/turtlesim_bringup' with build type 'ament_cmake'
[3.444s] INFO:colcon.colcon_cmake.task.cmake.build:Building CMake package in '/home/sid/turtlesim_ws/src/turtlesim_bringup'
[3.467s] INFO:colcon.colcon_core.shell:Skip shell extension 'powershell' for command environment: Not usable outside of PowerShell
[3.467s] DEBUG:colcon.colcon_core.shell:Skip shell extension 'dsv' for command environment
[3.696s] DEBUG:colcon.colcon_core.event_handler.log_command:Invoking command in '/home/sid/turtlesim_ws/build/turtlesim_bringup': AMENT_PREFIX_PATH=/home/sid/turtlesim_ws/install/turtlesim_py_pkg:/home/sid/turtlesim_ws/install/turtlesim_bringup:/home/sid/ros2_ws/install/my_robot_bringup:/home/sid/ros2_ws/install/my_py_pkg:/home/sid/ros2_ws/install/my_cpp_pkg:/home/sid/ros2_ws/install/my_robot_interfaces:/opt/ros/humble CMAKE_PREFIX_PATH=${CMAKE_PREFIX_PATH}:/home/sid/turtlesim_ws/install/turtlesim_py_pkg:/home/sid/ros2_ws/install/my_py_pkg:/opt/ros/humble /usr/bin/cmake --build /home/sid/turtlesim_ws/build/turtlesim_bringup -- -j4 -l4
[3.843s] DEBUG:colcon.colcon_core.event_handler.log_command:Invoked command in '/home/sid/turtlesim_ws/build/turtlesim_bringup' returned '0': AMENT_PREFIX_PATH=/home/sid/turtlesim_ws/install/turtlesim_py_pkg:/home/sid/turtlesim_ws/install/turtlesim_bringup:/home/sid/ros2_ws/install/my_robot_bringup:/home/sid/ros2_ws/install/my_py_pkg:/home/sid/ros2_ws/install/my_cpp_pkg:/home/sid/ros2_ws/install/my_robot_interfaces:/opt/ros/humble CMAKE_PREFIX_PATH=${CMAKE_PREFIX_PATH}:/home/sid/turtlesim_ws/install/turtlesim_py_pkg:/home/sid/ros2_ws/install/my_py_pkg:/opt/ros/humble /usr/bin/cmake --build /home/sid/turtlesim_ws/build/turtlesim_bringup -- -j4 -l4
[4.026s] DEBUG:colcon.colcon_core.event_handler.log_command:Invoking command in '/home/sid/turtlesim_ws/build/turtlesim_bringup': AMENT_PREFIX_PATH=/home/sid/turtlesim_ws/install/turtlesim_py_pkg:/home/sid/turtlesim_ws/install/turtlesim_bringup:/home/sid/ros2_ws/install/my_robot_bringup:/home/sid/ros2_ws/install/my_py_pkg:/home/sid/ros2_ws/install/my_cpp_pkg:/home/sid/ros2_ws/install/my_robot_interfaces:/opt/ros/humble CMAKE_PREFIX_PATH=${CMAKE_PREFIX_PATH}:/home/sid/turtlesim_ws/install/turtlesim_py_pkg:/home/sid/ros2_ws/install/my_py_pkg:/opt/ros/humble /usr/bin/cmake --install /home/sid/turtlesim_ws/build/turtlesim_bringup
[4.069s] Level 1:colcon.colcon_core.environment:create_environment_scripts_only(turtlesim_bringup)
[4.075s] DEBUG:colcon.colcon_core.event_handler.log_command:Invoked command in '/home/sid/turtlesim_ws/build/turtlesim_bringup' returned '0': AMENT_PREFIX_PATH=/home/sid/turtlesim_ws/install/turtlesim_py_pkg:/home/sid/turtlesim_ws/install/turtlesim_bringup:/home/sid/ros2_ws/install/my_robot_bringup:/home/sid/ros2_ws/install/my_py_pkg:/home/sid/ros2_ws/install/my_cpp_pkg:/home/sid/ros2_ws/install/my_robot_interfaces:/opt/ros/humble CMAKE_PREFIX_PATH=${CMAKE_PREFIX_PATH}:/home/sid/turtlesim_ws/install/turtlesim_py_pkg:/home/sid/ros2_ws/install/my_py_pkg:/opt/ros/humble /usr/bin/cmake --install /home/sid/turtlesim_ws/build/turtlesim_bringup
[4.086s] Level 1:colcon.colcon_core.environment:checking '/home/sid/turtlesim_ws/install/turtlesim_bringup' for CMake module files
[4.087s] Level 1:colcon.colcon_core.environment:checking '/home/sid/turtlesim_ws/install/turtlesim_bringup' for CMake config files
[4.088s] Level 1:colcon.colcon_core.shell:create_environment_hook('turtlesim_bringup', 'cmake_prefix_path')
[4.109s] INFO:colcon.colcon_core.shell:Creating environment hook '/home/sid/turtlesim_ws/install/turtlesim_bringup/share/turtlesim_bringup/hook/cmake_prefix_path.ps1'
[4.124s] INFO:colcon.colcon_core.shell:Creating environment descriptor '/home/sid/turtlesim_ws/install/turtlesim_bringup/share/turtlesim_bringup/hook/cmake_prefix_path.dsv'
[4.148s] INFO:colcon.colcon_core.shell:Creating environment hook '/home/sid/turtlesim_ws/install/turtlesim_bringup/share/turtlesim_bringup/hook/cmake_prefix_path.sh'
[4.154s] Level 1:colcon.colcon_core.environment:checking '/home/sid/turtlesim_ws/install/turtlesim_bringup/bin'
[4.159s] Level 1:colcon.colcon_core.environment:checking '/home/sid/turtlesim_ws/install/turtlesim_bringup/lib/pkgconfig/turtlesim_bringup.pc'
[4.160s] Level 1:colcon.colcon_core.environment:checking '/home/sid/turtlesim_ws/install/turtlesim_bringup/lib/python3.10/site-packages'
[4.160s] Level 1:colcon.colcon_core.environment:checking '/home/sid/turtlesim_ws/install/turtlesim_bringup/bin'
[4.179s] INFO:colcon.colcon_core.shell:Creating package script '/home/sid/turtlesim_ws/install/turtlesim_bringup/share/turtlesim_bringup/package.ps1'
[4.186s] INFO:colcon.colcon_core.shell:Creating package descriptor '/home/sid/turtlesim_ws/install/turtlesim_bringup/share/turtlesim_bringup/package.dsv'
[4.188s] INFO:colcon.colcon_core.shell:Creating package script '/home/sid/turtlesim_ws/install/turtlesim_bringup/share/turtlesim_bringup/package.sh'
[4.191s] INFO:colcon.colcon_core.shell:Creating package script '/home/sid/turtlesim_ws/install/turtlesim_bringup/share/turtlesim_bringup/package.bash'
[4.193s] INFO:colcon.colcon_core.shell:Creating package script '/home/sid/turtlesim_ws/install/turtlesim_bringup/share/turtlesim_bringup/package.zsh'
[4.194s] Level 1:colcon.colcon_core.environment:create_file_with_runtime_dependencies(/home/sid/turtlesim_ws/install/turtlesim_bringup/share/colcon-core/packages/turtlesim_bringup)
[4.422s] Level 1:colcon.colcon_core.environment:create_environment_scripts_only(turtlesim_bringup)
[4.436s] Level 1:colcon.colcon_core.environment:checking '/home/sid/turtlesim_ws/install/turtlesim_bringup' for CMake module files
[4.440s] Level 1:colcon.colcon_core.environment:checking '/home/sid/turtlesim_ws/install/turtlesim_bringup' for CMake config files
[4.446s] Level 1:colcon.colcon_core.shell:create_environment_hook('turtlesim_bringup', 'cmake_prefix_path')
[4.461s] INFO:colcon.colcon_core.shell:Creating environment hook '/home/sid/turtlesim_ws/install/turtlesim_bringup/share/turtlesim_bringup/hook/cmake_prefix_path.ps1'
[4.466s] INFO:colcon.colcon_core.shell:Creating environment descriptor '/home/sid/turtlesim_ws/install/turtlesim_bringup/share/turtlesim_bringup/hook/cmake_prefix_path.dsv'
[4.467s] INFO:colcon.colcon_core.shell:Creating environment hook '/home/sid/turtlesim_ws/install/turtlesim_bringup/share/turtlesim_bringup/hook/cmake_prefix_path.sh'
[4.469s] Level 1:colcon.colcon_core.environment:checking '/home/sid/turtlesim_ws/install/turtlesim_bringup/bin'
[4.469s] Level 1:colcon.colcon_core.environment:checking '/home/sid/turtlesim_ws/install/turtlesim_bringup/lib/pkgconfig/turtlesim_bringup.pc'
[4.469s] Level 1:colcon.colcon_core.environment:checking '/home/sid/turtlesim_ws/install/turtlesim_bringup/lib/python3.10/site-packages'
[4.469s] Level 1:colcon.colcon_core.environment:checking '/home/sid/turtlesim_ws/install/turtlesim_bringup/bin'
[4.482s] INFO:colcon.colcon_core.shell:Creating package script '/home/sid/turtlesim_ws/install/turtlesim_bringup/share/turtlesim_bringup/package.ps1'
[4.484s] INFO:colcon.colcon_core.shell:Creating package descriptor '/home/sid/turtlesim_ws/install/turtlesim_bringup/share/turtlesim_bringup/package.dsv'
[4.487s] INFO:colcon.colcon_core.shell:Creating package script '/home/sid/turtlesim_ws/install/turtlesim_bringup/share/turtlesim_bringup/package.sh'
[4.489s] INFO:colcon.colcon_core.shell:Creating package script '/home/sid/turtlesim_ws/install/turtlesim_bringup/share/turtlesim_bringup/package.bash'
[4.489s] INFO:colcon.colcon_core.shell:Creating package script '/home/sid/turtlesim_ws/install/turtlesim_bringup/share/turtlesim_bringup/package.zsh'
[4.490s] Level 1:colcon.colcon_core.environment:create_file_with_runtime_dependencies(/home/sid/turtlesim_ws/install/turtlesim_bringup/share/colcon-core/packages/turtlesim_bringup)
[4.491s] DEBUG:colcon.colcon_parallel_executor.executor.parallel:closing loop
[4.498s] DEBUG:colcon.colcon_parallel_executor.executor.parallel:loop closed
[4.500s] DEBUG:colcon.colcon_parallel_executor.executor.parallel:run_until_complete finished with '0'
[4.500s] DEBUG:colcon.colcon_core.event_reactor:joining thread
[4.545s] INFO:colcon.colcon_core.plugin_system:Skipping extension 'colcon_notification.desktop_notification.terminal_notifier': Not used on non-Darwin systems
[4.546s] INFO:colcon.colcon_core.plugin_system:Skipping extension 'colcon_notification.desktop_notification.win32': Not used on non-Windows systems
[4.546s] INFO:colcon.colcon_notification.desktop_notification:Sending desktop notification using 'notify2'
[4.607s] DEBUG:colcon.colcon_core.event_reactor:joined thread
[4.628s] INFO:colcon.colcon_core.shell:Creating prefix script '/home/sid/turtlesim_ws/install/local_setup.ps1'
[4.629s] INFO:colcon.colcon_core.shell:Creating prefix util module '/home/sid/turtlesim_ws/install/_local_setup_util_ps1.py'
[4.631s] INFO:colcon.colcon_core.shell:Creating prefix chain script '/home/sid/turtlesim_ws/install/setup.ps1'
[4.645s] INFO:colcon.colcon_core.shell:Creating prefix script '/home/sid/turtlesim_ws/install/local_setup.sh'
[4.646s] INFO:colcon.colcon_core.shell:Creating prefix util module '/home/sid/turtlesim_ws/install/_local_setup_util_sh.py'
[4.647s] INFO:colcon.colcon_core.shell:Creating prefix chain script '/home/sid/turtlesim_ws/install/setup.sh'
[4.688s] INFO:colcon.colcon_core.shell:Creating prefix script '/home/sid/turtlesim_ws/install/local_setup.bash'
[4.693s] INFO:colcon.colcon_core.shell:Creating prefix chain script '/home/sid/turtlesim_ws/install/setup.bash'
[4.747s] INFO:colcon.colcon_core.shell:Creating prefix script '/home/sid/turtlesim_ws/install/local_setup.zsh'
[4.748s] INFO:colcon.colcon_core.shell:Creating prefix chain script '/home/sid/turtlesim_ws/install/setup.zsh'
