[0.202s] Invoking command in '/home/sid/turtlesim_ws/build/turtlesim_bringup': AMENT_PREFIX_PATH=/home/sid/turtlesim_ws/install/turtlesim_py_pkg:${AMENT_PREFIX_PATH} CMAKE_PREFIX_PATH=${CMAKE_PREFIX_PATH}:/home/sid/ros2_ws/install/my_py_pkg:/opt/ros/humble PYTHONPATH=/home/sid/turtlesim_ws/install/turtlesim_py_pkg/lib/python3.10/site-packages:${PYTHONPATH} /usr/bin/cmake /home/sid/turtlesim_ws/src/turtlesim_bringup -DCMAKE_INSTALL_PREFIX=/home/sid/turtlesim_ws/install/turtlesim_bringup
[1.317s] -- The C compiler identification is GNU 11.4.0
[1.998s] -- The CXX compiler identification is GNU 11.4.0
[2.134s] -- Detecting C compiler ABI info
[2.452s] -- Detecting C compiler ABI info - done
[2.489s] -- Check for working C compiler: /usr/bin/cc - skipped
[2.515s] -- Detecting C compile features
[2.543s] -- Detecting C compile features - done
[2.555s] -- Detecting CXX compiler ABI info
[2.927s] -- Detecting CXX compiler ABI info - done
[2.952s] -- Check for working CXX compiler: /usr/bin/c++ - skipped
[2.953s] -- Detecting CXX compile features
[2.953s] -- Detecting CXX compile features - done
[2.955s] -- Found ament_cmake: 1.3.7 (/opt/ros/humble/share/ament_cmake/cmake)
[3.652s] -- Found Python3: /usr/bin/python3.10 (found version "3.10.12") found components: Interpreter 
[4.592s] -- Found ament_lint_auto: 0.12.10 (/opt/ros/humble/share/ament_lint_auto/cmake)
[4.906s] -- Added test 'flake8' to check Python code syntax and style conventions
[4.906s] -- Added test 'lint_cmake' to check CMake code style
[4.910s] -- Added test 'pep257' to check Python code against some of the docstring style conventions in PEP 257
[4.933s] -- Added test 'xmllint' to check XML markup files
[4.970s] -- Configuring done
[4.986s] -- Generating done
[5.003s] -- Build files have been written to: /home/sid/turtlesim_ws/build/turtlesim_bringup
[5.008s] Invoked command in '/home/sid/turtlesim_ws/build/turtlesim_bringup' returned '0': AMENT_PREFIX_PATH=/home/sid/turtlesim_ws/install/turtlesim_py_pkg:${AMENT_PREFIX_PATH} CMAKE_PREFIX_PATH=${CMAKE_PREFIX_PATH}:/home/sid/ros2_ws/install/my_py_pkg:/opt/ros/humble PYTHONPATH=/home/sid/turtlesim_ws/install/turtlesim_py_pkg/lib/python3.10/site-packages:${PYTHONPATH} /usr/bin/cmake /home/sid/turtlesim_ws/src/turtlesim_bringup -DCMAKE_INSTALL_PREFIX=/home/sid/turtlesim_ws/install/turtlesim_bringup
[5.009s] Invoking command in '/home/sid/turtlesim_ws/build/turtlesim_bringup': AMENT_PREFIX_PATH=/home/sid/turtlesim_ws/install/turtlesim_py_pkg:${AMENT_PREFIX_PATH} CMAKE_PREFIX_PATH=${CMAKE_PREFIX_PATH}:/home/sid/ros2_ws/install/my_py_pkg:/opt/ros/humble PYTHONPATH=/home/sid/turtlesim_ws/install/turtlesim_py_pkg/lib/python3.10/site-packages:${PYTHONPATH} /usr/bin/cmake --build /home/sid/turtlesim_ws/build/turtlesim_bringup -- -j4 -l4
[5.137s] Invoked command in '/home/sid/turtlesim_ws/build/turtlesim_bringup' returned '0': AMENT_PREFIX_PATH=/home/sid/turtlesim_ws/install/turtlesim_py_pkg:${AMENT_PREFIX_PATH} CMAKE_PREFIX_PATH=${CMAKE_PREFIX_PATH}:/home/sid/ros2_ws/install/my_py_pkg:/opt/ros/humble PYTHONPATH=/home/sid/turtlesim_ws/install/turtlesim_py_pkg/lib/python3.10/site-packages:${PYTHONPATH} /usr/bin/cmake --build /home/sid/turtlesim_ws/build/turtlesim_bringup -- -j4 -l4
[5.368s] Invoking command in '/home/sid/turtlesim_ws/build/turtlesim_bringup': AMENT_PREFIX_PATH=/home/sid/turtlesim_ws/install/turtlesim_py_pkg:${AMENT_PREFIX_PATH} CMAKE_PREFIX_PATH=${CMAKE_PREFIX_PATH}:/home/sid/ros2_ws/install/my_py_pkg:/opt/ros/humble PYTHONPATH=/home/sid/turtlesim_ws/install/turtlesim_py_pkg/lib/python3.10/site-packages:${PYTHONPATH} /usr/bin/cmake --install /home/sid/turtlesim_ws/build/turtlesim_bringup
[5.380s] -- Install configuration: ""
[5.380s] -- Installing: /home/sid/turtlesim_ws/install/turtlesim_bringup/share/turtlesim_bringup/launch
[5.380s] -- Installing: /home/sid/turtlesim_ws/install/turtlesim_bringup/share/turtlesim_bringup/launch/turtle_chaser.launch.py
[5.380s] -- Installing: /home/sid/turtlesim_ws/install/turtlesim_bringup/share/ament_index/resource_index/package_run_dependencies/turtlesim_bringup
[5.381s] -- Installing: /home/sid/turtlesim_ws/install/turtlesim_bringup/share/ament_index/resource_index/parent_prefix_path/turtlesim_bringup
[5.381s] -- Installing: /home/sid/turtlesim_ws/install/turtlesim_bringup/share/turtlesim_bringup/environment/ament_prefix_path.sh
[5.381s] -- Installing: /home/sid/turtlesim_ws/install/turtlesim_bringup/share/turtlesim_bringup/environment/ament_prefix_path.dsv
[5.381s] -- Installing: /home/sid/turtlesim_ws/install/turtlesim_bringup/share/turtlesim_bringup/environment/path.sh
[5.386s] -- Installing: /home/sid/turtlesim_ws/install/turtlesim_bringup/share/turtlesim_bringup/environment/path.dsv
[5.386s] -- Installing: /home/sid/turtlesim_ws/install/turtlesim_bringup/share/turtlesim_bringup/local_setup.bash
[5.386s] -- Installing: /home/sid/turtlesim_ws/install/turtlesim_bringup/share/turtlesim_bringup/local_setup.sh
[5.386s] -- Installing: /home/sid/turtlesim_ws/install/turtlesim_bringup/share/turtlesim_bringup/local_setup.zsh
[5.388s] -- Installing: /home/sid/turtlesim_ws/install/turtlesim_bringup/share/turtlesim_bringup/local_setup.dsv
[5.388s] -- Installing: /home/sid/turtlesim_ws/install/turtlesim_bringup/share/turtlesim_bringup/package.dsv
[5.388s] -- Installing: /home/sid/turtlesim_ws/install/turtlesim_bringup/share/ament_index/resource_index/packages/turtlesim_bringup
[5.388s] -- Installing: /home/sid/turtlesim_ws/install/turtlesim_bringup/share/turtlesim_bringup/cmake/turtlesim_bringupConfig.cmake
[5.388s] -- Installing: /home/sid/turtlesim_ws/install/turtlesim_bringup/share/turtlesim_bringup/cmake/turtlesim_bringupConfig-version.cmake
[5.389s] -- Installing: /home/sid/turtlesim_ws/install/turtlesim_bringup/share/turtlesim_bringup/package.xml
[5.480s] Invoked command in '/home/sid/turtlesim_ws/build/turtlesim_bringup' returned '0': AMENT_PREFIX_PATH=/home/sid/turtlesim_ws/install/turtlesim_py_pkg:${AMENT_PREFIX_PATH} CMAKE_PREFIX_PATH=${CMAKE_PREFIX_PATH}:/home/sid/ros2_ws/install/my_py_pkg:/opt/ros/humble PYTHONPATH=/home/sid/turtlesim_ws/install/turtlesim_py_pkg/lib/python3.10/site-packages:${PYTHONPATH} /usr/bin/cmake --install /home/sid/turtlesim_ws/build/turtlesim_bringup
